-2000 -9.81437e-14 -792.261 0
-2000 -8.61533e-14 -959.498 0
-2000 -1.06581e-13 -995.859 0
-2000 -1.25233e-13 -1015.38 0
-2000 -1.53655e-13 -1026.32 0
-2000 -1.56319e-13 -1030.07 0
-2000 -8.52651e-14 -1032.55 0
-2000 -1.35003e-13 -1033.99 0
-2000 -1.63425e-13 -1034.82 0
-2000 -1.13687e-13 -1035.53 0
-2000 -1.42109e-13 -1036.11 0
-2000 -1.56319e-13 -1036.57 0
-2000 -9.23706e-14 -1036.99 0
-2000 -1.13687e-13 -1037.3 0
-2000 -1.49214e-13 -1037.41 0
-2000 -1.20792e-13 -1037.5 0
-2000 -1.35003e-13 -1037.58 0
-2000 -1.42109e-13 -1037.64 0
-2000 -1.56319e-13 -1037.69 0
-2000 -1.56319e-13 -1037.73 0
-2000 -1.49214e-13 -1037.78 0
-2000 -1.63425e-13 -1037.82 0
-2000 -1.56319e-13 -1037.87 0
-2000 -1.20792e-13 -1037.91 0
-2000 -1.63425e-13 -1037.95 0
-2000 -1.13687e-13 -1037.98 0
-2000 -1.35003e-13 -1038.02 0
-2000 -8.52651e-14 -1038.05 0
-2000 -5.68434e-14 -1038.08 0
-2000 -6.39488e-14 -1038.11 0
-2000 -1.06581e-13 -1038.13 0
-2000 -1.63425e-13 -1038.16 0
-2000 -9.23706e-14 -1038.18 0
-2000 -1.63425e-13 -1038.19 0
-2000 -1.27898e-13 -1038.21 0
-2000 -1.20792e-13 -1038.22 0
-2000 -1.13687e-13 -1038.23 0
-2000 -1.20792e-13 -1038.23 0
