0.000109051 -4.04532e-19 -0.002 0
0.000655019 -5.72656e-19 -0.004 0
0.00129525 -9.58775e-19 -0.006 0
0.00196099 -1.25507e-18 -0.008 0
0.00263996 -1.52614e-18 -0.01 0
0.00330782 -2.01968e-18 -0.012 0
0.00396759 -1.53751e-18 -0.014 0
0.00463432 -4.00335e-18 -0.016 0
0.00530401 -5.28456e-18 -0.018 0
0.00597008 -4.51189e-18 -0.02 0
0.00663257 -5.10406e-18 -0.022 0
0.00729145 -4.98828e-18 -0.024 0
0.00794847 -3.33023e-18 -0.026 0
0.00860987 -2.97535e-18 -0.028 0
0.00928623 -3.71342e-18 -0.03 0
0.009961 -1.06117e-18 -0.032 0
0.010634 1.26947e-18 -0.034 0
0.0113051 1.66351e-18 -0.036 0
0.0119754 2.26213e-18 -0.038 0
0.0126453 2.78264e-18 -0.04 0
0.0133149 1.00574e-18 -0.042 0
0.0139841 2.36722e-18 -0.044 0
0.014653 2.91536e-18 -0.046 0
0.0153215 4.27123e-18 -0.048 0
0.0159895 2.5729e-18 -0.05 0
0.0166572 6.50849e-18 -0.052 0
0.0173244 8.12673e-18 -0.054 0
0.0179912 1.04596e-17 -0.056 0
0.0186575 1.29577e-17 -0.058 0
0.0193233 1.22236e-17 -0.06 0
0.0199886 8.75028e-18 -0.062 0
0.0206534 7.87378e-18 -0.064 0
0.0213176 1.22782e-17 -0.066 0
0.0219812 7.74544e-18 -0.068 0
0.0226442 8.64835e-18 -0.07 0
0.0233066 9.56844e-18 -0.072 0
0.0239683 1.34057e-17 -0.074 0
0.0246292 1.25198e-17 -0.076 0
