0.005 0 0 0 0 0 0 0 0.00101929 0 -0.000251104 0 0
0.01 0 0 0 0 0 0 0 0.00102314 0 -0.000252054 0 0
0.015 0 0 0 0 0 0 0 0.00103095 0 -0.000253977 0 0
0.02 0 0 0 0 0 0 0 0.00104256 0 -0.000256837 0 0
0.025 0 0 0 0 0 0 0 0.00105748 0 -0.000260513 0 0
0.03 0 0 0 0 0 0 0 0.00107483 0 -0.000264786 0 0
0.035 0 0 0 0 0 0 0 0.00109375 0 -0.000269447 0 0
0.04 0 0 0 0 0 0 0 0.00111383 0 -0.000274394 0 0
0.045 0 0 0 0 0 0 0 0.00113488 0 -0.000279581 0 0
0.05 0 0 0 0 0 0 0 0.00115675 0 -0.000284968 0 0
0.055 0 0 0 0 0 0 0 0.00117928 0 -0.000290519 0 0
0.06 0 0 0 0 0 0 0 0.00120233 0 -0.000296196 0 0
0.065 0 0 0 0 0 0 0 0.00122573 0 -0.000301961 0 0
0.07 0 0 0 0 0 0 0 0.00124934 0 -0.000307777 0 0
0.075 0 0 0 0 0 0 0 0.00127299 0 -0.000313604 0 0
0.08 0 0 0 0 0 0 0 0.00129654 0 -0.000319405 0 0
0.085 0 0 0 0 0 0 0 0.00131983 0 -0.000325144 0 0
0.09 0 0 0 0 0 0 0 0.00134274 0 -0.000330787 0 0
0.095 0 0 0 0 0 0 0 0.00136514 0 -0.000336306 0 0
0.1 0 0 0 0 0 0 0 0.00138693 0 -0.000341673 0 0
0.105 0 0 0 0 0 0 0 0.00140799 0 -0.000346861 0 0
0.11 0 0 0 0 0 0 0 0.00142822 0 -0.000351846 0 0
0.115 0 0 0 0 0 0 0 0.00144754 0 -0.000356604 0 0
0.12 0 0 0 0 0 0 0 0.00146585 0 -0.000361116 0 0
0.125 0 0 0 0 0 0 0 0.00148309 0 -0.000365362 0 0
0.13 0 0 0 0 0 0 0 0.00149915 0 -0.00036932 0 0
0.135 0 0 0 0 0 0 0 0.00151397 0 -0.000372969 0 0
0.14 0 0 0 0 0 0 0 0.00152745 0 -0.000376291 0 0
0.145 0 0 0 0 0 0 0 0.00153952 0 -0.000379265 0 0
0.15 0 0 0 0 0 0 0 0.00155011 0 -0.000381873 0 0
0.155 0 0 0 0 0 0 0 0.00155914 0 -0.000384097 0 0
0.16 0 0 0 0 0 0 0 0.00156653 0 -0.000385918 0 0
0.165 0 0 0 0 0 0 0 0.00157221 0 -0.000387318 0 0
0.17 0 0 0 0 0 0 0 0.00157613 0 -0.000388284 0 0
0.175 0 0 0 0 0 0 0 0.00157826 0 -0.000388808 0 0
0.18 0 0 0 0 0 0 0 0.00157857 0 -0.000388884 0 0
0.185 0 0 0 0 0 0 0 0.00157705 0 -0.000388509 0 0
0.19 0 0 0 0 0 0 0 0.00157369 0 -0.000387681 0 0
0.195 0 0 0 0 0 0 0 0.0015685 0 -0.000386404 0 0
0.2 0 0 0 0 0 0 0 0.00156151 0 -0.000384682 0 0
0.205 0 0 0 0 0 0 0 0.00155274 0 -0.000382522 0 0
0.21 0 0 0 0 0 0 0 0.00154224 0 -0.000379935 0 0
0.215 0 0 0 0 0 0 0 0.00153006 0 -0.000376934 0 0
0.22 0 0 0 0 0 0 0 0.00151627 0 -0.000373536 0 0
0.225 0 0 0 0 0 0 0 0.00150093 0 -0.000369757 0 0
0.23 0 0 0 0 0 0 0 0.00148412 0 -0.000365615 0 0
0.235 0 0 0 0 0 0 0 0.0014659 0 -0.000361127 0 0
0.24 0 0 0 0 0 0 0 0.00144631 0 -0.000356302 0 0
0.245 0 0 0 0 0 0 0 0.0014254 0 -0.000351151 0 0
0.25 0 0 0 0 0 0 0 0.00140323 0 -0.000345688 0 0
0.255 0 0 0 0 0 0 0 0.00137987 0 -0.000339933 0 0
0.26 0 0 0 0 0 0 0 0.00135541 0 -0.000333907 0 0
0.265 0 0 0 0 0 0 0 0.00132995 0 -0.000327635 0 0
0.27 0 0 0 0 0 0 0 0.00130361 0 -0.000321147 0 0
0.275 0 0 0 0 0 0 0 0.00127655 0 -0.000314481 0 0
0.28 0 0 0 0 0 0 0 0.00124899 0 -0.000307692 0 0
0.285 0 0 0 0 0 0 0 0.00122117 0 -0.000300839 0 0
0.29 0 0 0 0 0 0 0 0.00119334 0 -0.000293981 0 0
0.295 0 0 0 0 0 0 0 0.00116572 0 -0.000287177 0 0
0.3 0 0 0 0 0 0 0 0.00113856 0 -0.000280487 0 0
0.305 0 0 0 0 0 0 0 0.0011121 0 -0.000273969 0 0
0.31 0 0 0 0 0 0 0 0.00108656 0 -0.000267677 0 0
0.315 0 0 0 0 0 0 0 0.00106217 0 -0.000261667 0 0
0.32 0 0 0 0 0 0 0 0.00103914 0 -0.000255996 0 0
0.325 0 0 0 0 0 0 0 0.00101771 0 -0.000250715 0 0
0.33 0 0 0 0 0 0 0 0.000998024 0 -0.000245865 0 0
0.335 0 0 0 0 0 0 0 0.000980218 0 -0.000241479 0 0
0.34 0 0 0 0 0 0 0 0.000964403 0 -0.000237583 0 0
0.345 0 0 0 0 0 0 0 0.000950672 0 -0.0002342 0 0
0.35 0 0 0 0 0 0 0 0.000939094 0 -0.000231348 0 0
0.355 0 0 0 0 0 0 0 0.000929701 0 -0.000229034 0 0
0.36 0 0 0 0 0 0 0 0.000922469 0 -0.000227252 0 0
0.365 0 0 0 0 0 0 0 0.000917343 0 -0.000225989 0 0
0.37 0 0 0 0 0 0 0 0.000914261 0 -0.00022523 0 0
0.375 0 0 0 0 0 0 0 0.000913154 0 -0.000224958 0 0
0.38 0 0 0 0 0 0 0 0.000913941 0 -0.000225151 0 0
0.385 0 0 0 0 0 0 0 0.000916532 0 -0.00022579 0 0
0.39 0 0 0 0 0 0 0 0.00092084 0 -0.000226851 0 0
0.395 0 0 0 0 0 0 0 0.000926777 0 -0.000228314 0 0
0.4 0 0 0 0 0 0 0 0.000934258 0 -0.000230157 0 0
0.405 0 0 0 0 0 0 0 0.000943212 0 -0.000232362 0 0
0.41 0 0 0 0 0 0 0 0.000953591 0 -0.000234919 0 0
0.415 0 0 0 0 0 0 0 0.000965353 0 -0.000237817 0 0
0.42 0 0 0 0 0 0 0 0.000978459 0 -0.000241046 0 0
0.425 0 0 0 0 0 0 0 0.000992864 0 -0.000244594 0 0
0.43 0 0 0 0 0 0 0 0.00100852 0 -0.00024845 0 0
0.435 0 0 0 0 0 0 0 0.00102536 0 -0.000252599 0 0
0.44 0 0 0 0 0 0 0 0.00104333 0 -0.000257027 0 0
0.445 0 0 0 0 0 0 0 0.00106235 0 -0.000261713 0 0
0.45 0 0 0 0 0 0 0 0.00108232 0 -0.000266632 0 0
0.455 0 0 0 0 0 0 0 0.00110309 0 -0.000271749 0 0
0.46 0 0 0 0 0 0 0 0.00112452 0 -0.000277029 0 0
0.465 0 0 0 0 0 0 0 0.00114644 0 -0.000282428 0 0
0.47 0 0 0 0 0 0 0 0.00116866 0 -0.000287903 0 0
0.475 0 0 0 0 0 0 0 0.00119099 0 -0.000293404 0 0
0.48 0 0 0 0 0 0 0 0.0012132 0 -0.000298874 0 0
0.485 0 0 0 0 0 0 0 0.00123507 0 -0.000304262 0 0
0.49 0 0 0 0 0 0 0 0.00125645 0 -0.00030953 0 0
0.495 0 0 0 0 0 0 0 0.00127723 0 -0.000314649 0 0
0.5 0 0 0 0 0 0 0 0.0012973 0 -0.000319593 0 0
0.505 0 0 0 0 0 0 0 0.00131658 0 -0.000324343 0 0
0.51 0 0 0 0 0 0 0 0.00133501 0 -0.000328883 0 0
0.515 0 0 0 0 0 0 0 0.00135253 0 -0.000333198 0 0
0.52 0 0 0 0 0 0 0 0.00136908 0 -0.000337277 0 0
0.525 0 0 0 0 0 0 0 0.00138462 0 -0.000341103 0 0
0.53 0 0 0 0 0 0 0 0.00139903 0 -0.000344655 0 0
0.535 0 0 0 0 0 0 0 0.00141223 0 -0.000347905 0 0
0.54 0 0 0 0 0 0 0 0.00142408 0 -0.000350824 0 0
0.545 0 0 0 0 0 0 0 0.00143446 0 -0.000353382 0 0
0.55 0 0 0 0 0 0 0 0.00144325 0 -0.000355548 0 0
0.555 0 0 0 0 0 0 0 0.00145031 0 -0.000357287 0 0
0.56 0 0 0 0 0 0 0 0.00145549 0 -0.000358562 0 0
0.565 0 0 0 0 0 0 0 0.00145864 0 -0.000359339 0 0
0.57 0 0 0 0 0 0 0 0.00145971 0 -0.000359602 0 0
0.575 0 0 0 0 0 0 0 0.00145867 0 -0.000359347 0 0
0.58 0 0 0 0 0 0 0 0.00145555 0 -0.000358579 0 0
0.585 0 0 0 0 0 0 0 0.0014504 0 -0.000357308 0 0
0.59 0 0 0 0 0 0 0 0.00144328 0 -0.000355555 0 0
0.595 0 0 0 0 0 0 0 0.00143434 0 -0.000353352 0 0
0.6 0 0 0 0 0 0 0 0.00142375 0 -0.000350745 0 0
0.605 0 0 0 0 0 0 0 0.00141175 0 -0.000347788 0 0
0.61 0 0 0 0 0 0 0 0.0013985 0 -0.000344523 0 0
0.615 0 0 0 0 0 0 0 0.00138416 0 -0.000340992 0 0
0.62 0 0 0 0 0 0 0 0.0013689 0 -0.000337232 0 0
0.625 0 0 0 0 0 0 0 0.00135287 0 -0.000333283 0 0
0.63 0 0 0 0 0 0 0 0.00133623 0 -0.000329183 0 0
0.635 0 0 0 0 0 0 0 0.00131912 0 -0.000324969 0 0
0.64 0 0 0 0 0 0 0 0.00130169 0 -0.000320675 0 0
0.645 0 0 0 0 0 0 0 0.00128407 0 -0.000316333 0 0
0.65 0 0 0 0 0 0 0 0.00126634 0 -0.000311967 0 0
0.655 0 0 0 0 0 0 0 0.0012486 0 -0.000307595 0 0
0.66 0 0 0 0 0 0 0 0.0012309 0 -0.000303235 0 0
0.665 0 0 0 0 0 0 0 0.00121331 0 -0.000298901 0 0
0.67 0 0 0 0 0 0 0 0.00119586 0 -0.000294603 0 0
0.675 0 0 0 0 0 0 0 0.0011786 0 -0.000290351 0 0
0.68 0 0 0 0 0 0 0 0.00116151 0 -0.000286141 0 0
0.685 0 0 0 0 0 0 0 0.00114459 0 -0.000281973 0 0
0.69 0 0 0 0 0 0 0 0.00112787 0 -0.000277852 0 0
0.695 0 0 0 0 0 0 0 0.00111137 0 -0.000273789 0 0
0.7 0 0 0 0 0 0 0 0.00109515 0 -0.000269793 0 0
0.705 0 0 0 0 0 0 0 0.00107926 0 -0.000265877 0 0
0.71 0 0 0 0 0 0 0 0.00106373 0 -0.000262052 0 0
0.715 0 0 0 0 0 0 0 0.00104863 0 -0.000258332 0 0
0.72 0 0 0 0 0 0 0 0.00103401 0 -0.00025473 0 0
0.725 0 0 0 0 0 0 0 0.00101993 0 -0.000251263 0 0
0.73 0 0 0 0 0 0 0 0.00100649 0 -0.00024795 0 0
0.735 0 0 0 0 0 0 0 0.000993759 0 -0.000244815 0 0
0.74 0 0 0 0 0 0 0 0.000981845 0 -0.00024188 0 0
0.745 0 0 0 0 0 0 0 0.000970844 0 -0.00023917 0 0
0.75 0 0 0 0 0 0 0 0.000960864 0 -0.000236711 0 0
0.755 0 0 0 0 0 0 0 0.000952042 0 -0.000234538 0 0
0.76 0 0 0 0 0 0 0 0.000944569 0 -0.000232697 0 0
0.765 0 0 0 0 0 0 0 0.00093865 0 -0.000231239 0 0
0.77 0 0 0 0 0 0 0 0.000934458 0 -0.000230206 0 0
0.775 0 0 0 0 0 0 0 0.000932146 0 -0.000229636 0 0
0.78 0 0 0 0 0 0 0 0.000931874 0 -0.000229569 0 0
0.785 0 0 0 0 0 0 0 0.000933797 0 -0.000230043 0 0
0.79 0 0 0 0 0 0 0 0.000938067 0 -0.000231095 0 0
0.795 0 0 0 0 0 0 0 0.000944822 0 -0.000232759 0 0
0.8 0 0 0 0 0 0 0 0.000954186 0 -0.000235066 0 0
0.805 0 0 0 0 0 0 0 0.000966184 0 -0.000238021 0 0
0.81 0 0 0 0 0 0 0 0.00098066 0 -0.000241588 0 0
0.815 0 0 0 0 0 0 0 0.000997314 0 -0.00024569 0 0
0.82 0 0 0 0 0 0 0 0.00101573 0 -0.000250228 0 0
0.825 0 0 0 0 0 0 0 0.00103541 0 -0.000255075 0 0
0.83 0 0 0 0 0 0 0 0.00105577 0 -0.000260091 0 0
0.835 0 0 0 0 0 0 0 0.00107614 0 -0.000265111 0 0
0.84 0 0 0 0 0 0 0 0.00109574 0 -0.000269938 0 0
0.845 0 0 0 0 0 0 0 0.00111387 0 -0.000274405 0 0
0.85 0 0 0 0 0 0 0 0.00113023 0 -0.000278433 0 0
0.855 0 0 0 0 0 0 0 0.00114472 0 -0.000282004 0 0
0.86 0 0 0 0 0 0 0 0.00115739 0 -0.000285126 0 0
0.865 0 0 0 0 0 0 0 0.00116836 0 -0.000287828 0 0
0.87 0 0 0 0 0 0 0 0.00117781 0 -0.000290156 0 0
0.875 0 0 0 0 0 0 0 0.00118602 0 -0.000292178 0 0
0.88 0 0 0 0 0 0 0 0.00119336 0 -0.000293987 0 0
0.885 0 0 0 0 0 0 0 0.0012002 0 -0.000295673 0 0
0.89 0 0 0 0 0 0 0 0.00120675 0 -0.000297285 0 0
0.895 0 0 0 0 0 0 0 0.00121311 0 -0.000298852 0 0
0.9 0 0 0 0 0 0 0 0.00121939 0 -0.000300399 0 0
0.905 0 0 0 0 0 0 0 0.00122568 0 -0.00030195 0 0
0.91 0 0 0 0 0 0 0 0.00123208 0 -0.000303525 0 0
0.915 0 0 0 0 0 0 0 0.00123863 0 -0.000305139 0 0
0.92 0 0 0 0 0 0 0 0.00124532 0 -0.000306788 0 0
0.925 0 0 0 0 0 0 0 0.00125206 0 -0.000308447 0 0
0.93 0 0 0 0 0 0 0 0.00125864 0 -0.000310068 0 0
0.935 0 0 0 0 0 0 0 0.00126477 0 -0.00031158 0 0
0.94 0 0 0 0 0 0 0 0.00127014 0 -0.000312901 0 0
0.945 0 0 0 0 0 0 0 0.00127438 0 -0.000313946 0 0
0.95 0 0 0 0 0 0 0 0.00127715 0 -0.000314628 0 0
0.955 0 0 0 0 0 0 0 0.00127813 0 -0.000314871 0 0
0.96 0 0 0 0 0 0 0 0.00127706 0 -0.000314606 0 0
0.965 0 0 0 0 0 0 0 0.00127379 0 -0.000313801 0 0
0.97 0 0 0 0 0 0 0 0.00126839 0 -0.000312471 0 0
0.975 0 0 0 0 0 0 0 0.00126108 0 -0.000310671 0 0
0.98 0 0 0 0 0 0 0 0.00125214 0 -0.000308469 0 0
0.985 0 0 0 0 0 0 0 0.00124191 0 -0.000305948 0 0
0.99 0 0 0 0 0 0 0 0.00123075 0 -0.000303199 0 0
0.995 0 0 0 0 0 0 0 0.00121911 0 -0.000300329 0 0
1 0 0 0 0 0 0 0 0.00120751 0 -0.000297474 0 0
1.005 0 0 0 0 0 0 0 0.00119649 0 -0.000294758 0 0
1.01 0 0 0 0 0 0 0 0.00118637 0 -0.000292264 0 0
1.015 0 0 0 0 0 0 0 0.00117738 0 -0.000290049 0 0
1.02 0 0 0 0 0 0 0 0.00116972 0 -0.000288162 0 0
1.025 0 0 0 0 0 0 0 0.00116357 0 -0.000286647 0 0
1.03 0 0 0 0 0 0 0 0.00115909 0 -0.000285544 0 0
1.035 0 0 0 0 0 0 0 0.00115642 0 -0.000284887 0 0
1.04 0 0 0 0 0 0 0 0.0011557 0 -0.00028471 0 0
1.045 0 0 0 0 0 0 0 0.00115699 0 -0.000285028 0 0
1.05 0 0 0 0 0 0 0 0.00116021 0 -0.000285819 0 0
1.055 0 0 0 0 0 0 0 0.00116512 0 -0.000287031 0 0
1.06 0 0 0 0 0 0 0 0.00117139 0 -0.000288575 0 0
1.065 0 0 0 0 0 0 0 0.00117854 0 -0.000290337 0 0
1.07 0 0 0 0 0 0 0 0.00118598 0 -0.000292169 0 0
1.075 0 0 0 0 0 0 0 0.00119291 0 -0.000293875 0 0
1.08 0 0 0 0 0 0 0 0.00119818 0 -0.000295175 0 0
1.085 0 0 0 0 0 0 0 0.00120078 0 -0.000295815 0 0
1.09 0 0 0 0 0 0 0 0.00120015 0 -0.00029566 0 0
1.095 0 0 0 0 0 0 0 0.00119609 0 -0.000294659 0 0
1.1 0 0 0 0 0 0 0 0.00118854 0 -0.000292801 0 0
1.105 0 0 0 0 0 0 0 0.00117762 0 -0.000290109 0 0
1.11 0 0 0 0 0 0 0 0.00116353 0 -0.000286638 0 0
1.115 0 0 0 0 0 0 0 0.0011466 0 -0.000282467 0 0
1.12 0 0 0 0 0 0 0 0.00112725 0 -0.0002777 0 0
1.125 0 0 0 0 0 0 0 0.00110586 0 -0.00027243 0 0
1.13 0 0 0 0 0 0 0 0.00108261 0 -0.000266703 0 0
1.135 0 0 0 0 0 0 0 0.00105757 0 -0.000260534 0 0
1.14 0 0 0 0 0 0 0 0.00103073 0 -0.000253923 0 0
1.145 0 0 0 0 0 0 0 0.00100204 0 -0.000246856 0 0
1.15 0 0 0 0 0 0 0 0.000971429 0 -0.000239314 0 0
1.155 0 0 0 0 0 0 0 0.000938753 0 -0.000231264 0 0
1.16 0 0 0 0 0 0 0 0.000903818 0 -0.000222658 0 0
1.165 0 0 0 0 0 0 0 0.000866504 0 -0.000213465 0 0
1.17 0 0 0 0 0 0 0 0.000826921 0 -0.000203714 0 0
1.175 0 0 0 0 0 0 0 0.000785346 0 -0.000193472 0 0
1.18 0 0 0 0 0 0 0 0.000742163 0 -0.000182834 0 0
1.185 0 0 0 0 0 0 0 0.000697852 0 -0.000171917 0 0
1.19 0 0 0 0 0 0 0 0.000652979 0 -0.000160863 0 0
1.195 0 0 0 0 0 0 0 0.000608296 0 -0.000149855 0 0
1.2 0 0 0 0 0 0 0 0.000564845 0 -0.000139151 0 0
1.205 0 0 0 0 0 0 0 0.000523668 0 -0.000129007 0 0
1.21 0 0 0 0 0 0 0 0.000485533 0 -0.000119612 0 0
1.215 0 0 0 0 0 0 0 0.000451024 0 -0.000111111 0 0
1.22 0 0 0 0 0 0 0 0.000420643 0 -0.000103626 0 0
1.225 0 0 0 0 0 0 0 0.000394798 0 -9.72593e-05 0 0
1.23 0 0 0 0 0 0 0 0.0003738 0 -9.20865e-05 0 0
1.235 0 0 0 0 0 0 0 0.000357849 0 -8.8157e-05 0 0
1.24 0 0 0 0 0 0 0 0.00034702 0 -8.54891e-05 0 0
1.245 0 0 0 0 0 0 0 0.000341296 0 -8.40791e-05 0 0
1.25 0 0 0 0 0 0 0 0.000340612 0 -8.39106e-05 0 0
1.255 0 0 0 0 0 0 0 0.000344863 0 -8.49578e-05 0 0
1.26 0 0 0 0 0 0 0 0.00035392 0 -8.7189e-05 0 0
1.265 0 0 0 0 0 0 0 0.00036763 0 -9.05663e-05 0 0
1.27 0 0 0 0 0 0 0 0.000385819 0 -9.50474e-05 0 0
1.275 0 0 0 0 0 0 0 0.000408277 0 -0.00010058 0 0
1.28 0 0 0 0 0 0 0 0.000434737 0 -0.000107098 0 0
1.285 0 0 0 0 0 0 0 0.000464906 0 -0.000114531 0 0
1.29 0 0 0 0 0 0 0 0.0004985 0 -0.000122807 0 0
1.295 0 0 0 0 0 0 0 0.000535215 0 -0.000131851 0 0
1.3 0 0 0 0 0 0 0 0.000574703 0 -0.000141579 0 0
1.305 0 0 0 0 0 0 0 0.000616562 0 -0.000151891 0 0
1.31 0 0 0 0 0 0 0 0.000660327 0 -0.000162673 0 0
1.315 0 0 0 0 0 0 0 0.000705381 0 -0.000173772 0 0
1.32 0 0 0 0 0 0 0 0.000750862 0 -0.000184977 0 0
1.325 0 0 0 0 0 0 0 0.000795917 0 -0.000196076 0 0
1.33 0 0 0 0 0 0 0 0.000839952 0 -0.000206924 0 0
1.335 0 0 0 0 0 0 0 0.000882575 0 -0.000217424 0 0
1.34 0 0 0 0 0 0 0 0.000923547 0 -0.000227518 0 0
1.345 0 0 0 0 0 0 0 0.000962787 0 -0.000237185 0 0
1.35 0 0 0 0 0 0 0 0.00100038 0 -0.000246446 0 0
1.355 0 0 0 0 0 0 0 0.00103673 0 -0.0002554 0 0
1.36 0 0 0 0 0 0 0 0.00107269 0 -0.000264259 0 0
1.365 0 0 0 0 0 0 0 0.00110918 0 -0.000273249 0 0
1.37 0 0 0 0 0 0 0 0.0011468 0 -0.000282518 0 0
1.375 0 0 0 0 0 0 0 0.00118595 0 -0.000292162 0 0
1.38 0 0 0 0 0 0 0 0.00122693 0 -0.000302258 0 0
1.385 0 0 0 0 0 0 0 0.00126996 0 -0.000312857 0 0
1.39 0 0 0 0 0 0 0 0.0013151 0 -0.000323979 0 0
1.395 0 0 0 0 0 0 0 0.00136222 0 -0.000335587 0 0
1.4 0 0 0 0 0 0 0 0.00141081 0 -0.000347556 0 0
1.405 0 0 0 0 0 0 0 0.0014601 0 -0.000359698 0 0
1.41 0 0 0 0 0 0 0 0.00150916 0 -0.000371784 0 0
1.415 0 0 0 0 0 0 0 0.00155693 0 -0.000383552 0 0
1.42 0 0 0 0 0 0 0 0.00160223 0 -0.000394712 0 0
1.425 0 0 0 0 0 0 0 0.00164383 0 -0.000404961 0 0
1.43 0 0 0 0 0 0 0 0.0016805 0 -0.000413996 0 0
1.435 0 0 0 0 0 0 0 0.00171094 0 -0.000421495 0 0
1.44 0 0 0 0 0 0 0 0.00173371 0 -0.000427102 0 0
1.445 0 0 0 0 0 0 0 0.0017476 0 -0.000430524 0 0
1.45 0 0 0 0 0 0 0 0.00175207 0 -0.000431627 0 0
1.455 0 0 0 0 0 0 0 0.001747 0 -0.000430378 0 0
1.46 0 0 0 0 0 0 0 0.00173244 0 -0.00042679 0 0
1.465 0 0 0 0 0 0 0 0.00170857 0 -0.000420911 0 0
1.47 0 0 0 0 0 0 0 0.00167572 0 -0.000412817 0 0
1.475 0 0 0 0 0 0 0 0.00163431 0 -0.000402615 0 0
1.48 0 0 0 0 0 0 0 0.00158493 0 -0.000390452 0 0
1.485 0 0 0 0 0 0 0 0.00152825 0 -0.000376488 0 0
1.49 0 0 0 0 0 0 0 0.00146486 0 -0.000360871 0 0
1.495 0 0 0 0 0 0 0 0.00139539 0 -0.000343757 0 0
1.5 0 0 0 0 0 0 0 0.00132059 0 -0.00032533 0 0
1.505 0 0 0 0 0 0 0 0.00124134 0 -0.000305806 0 0
1.51 0 0 0 0 0 0 0 0.00115866 0 -0.000285439 0 0
1.515 0 0 0 0 0 0 0 0.0010739 0 -0.000264559 0 0
1.52 0 0 0 0 0 0 0 0.000988829 0 -0.0002436 0 0
1.525 0 0 0 0 0 0 0 0.000905102 0 -0.000222974 0 0
1.53 0 0 0 0 0 0 0 0.000823727 0 -0.000202927 0 0
1.535 0 0 0 0 0 0 0 0.000745228 0 -0.000183589 0 0
1.54 0 0 0 0 0 0 0 0.000669834 0 -0.000165015 0 0
1.545 0 0 0 0 0 0 0 0.000597533 0 -0.000147204 0 0
1.55 0 0 0 0 0 0 0 0.000528136 0 -0.000130108 0 0
1.555 0 0 0 0 0 0 0 0.000461358 0 -0.000113656 0 0
1.56 0 0 0 0 0 0 0 0.000396893 0 -9.77755e-05 0 0
1.565 0 0 0 0 0 0 0 0.000334712 0 -8.24571e-05 0 0
1.57 0 0 0 0 0 0 0 0.000275344 0 -6.78315e-05 0 0
1.575 0 0 0 0 0 0 0 0.0002197 0 -5.41237e-05 0 0
1.58 0 0 0 0 0 0 0 0.000168904 0 -4.16098e-05 0 0
1.585 0 0 0 0 0 0 0 0.000124208 0 -3.05988e-05 0 0
1.59 0 0 0 0 0 0 0 8.69264e-05 0 -2.14145e-05 0 0
1.595 0 0 0 0 0 0 0 5.84548e-05 0 -1.44005e-05 0 0
1.6 0 0 0 0 0 0 0 4.02927e-05 0 -9.92621e-06 0 0
1.605 0 0 0 0 0 0 0 3.35416e-05 0 -8.26304e-06 0 0
1.61 0 0 0 0 0 0 0 3.84056e-05 0 -9.4613e-06 0 0
1.615 0 0 0 0 0 0 0 5.44403e-05 0 -1.34115e-05 0 0
1.62 0 0 0 0 0 0 0 8.08039e-05 0 -1.99062e-05 0 0
1.625 0 0 0 0 0 0 0 0.000116321 0 -2.8656e-05 0 0
1.63 0 0 0 0 0 0 0 0.00015955 0 -3.93055e-05 0 0
1.635 0 0 0 0 0 0 0 0.000208668 0 -5.14057e-05 0 0
1.64 0 0 0 0 0 0 0 0.000261361 0 -6.43869e-05 0 0
1.645 0 0 0 0 0 0 0 0.000315596 0 -7.77477e-05 0 0
1.65 0 0 0 0 0 0 0 0.00037038 0 -9.1244e-05 0 0
1.655 0 0 0 0 0 0 0 0.00042545 0 -0.000104811 0 0
1.66 0 0 0 0 0 0 0 0.000480948 0 -0.000118483 0 0
1.665 0 0 0 0 0 0 0 0.000537387 0 -0.000132386 0 0
1.67 0 0 0 0 0 0 0 0.000595606 0 -0.000146729 0 0
1.675 0 0 0 0 0 0 0 0.000657173 0 -0.000161896 0 0
1.68 0 0 0 0 0 0 0 0.000724776 0 -0.00017855 0 0
1.685 0 0 0 0 0 0 0 0.000801135 0 -0.000197361 0 0
1.69 0 0 0 0 0 0 0 0.000887913 0 -0.000218739 0 0
1.695 0 0 0 0 0 0 0 0.000986041 0 -0.000242913 0 0
1.7 0 0 0 0 0 0 0 0.00109604 0 -0.000270013 0 0
1.705 0 0 0 0 0 0 0 0.00121797 0 -0.00030005 0 0
1.71 0 0 0 0 0 0 0 0.00135133 0 -0.000332903 0 0
1.715 0 0 0 0 0 0 0 0.00149475 0 -0.000368236 0 0
1.72 0 0 0 0 0 0 0 0.00164569 0 -0.00040542 0 0
1.725 0 0 0 0 0 0 0 0.00180121 0 -0.000443733 0 0
1.73 0 0 0 0 0 0 0 0.00195882 0 -0.000482561 0 0
1.735 0 0 0 0 0 0 0 0.00211632 0 -0.000521361 0 0
1.74 0 0 0 0 0 0 0 0.00227167 0 -0.00055963 0 0
1.745 0 0 0 0 0 0 0 0.00242295 0 -0.0005969 0 0
1.75 0 0 0 0 0 0 0 0.00256845 0 -0.000632742 0 0
1.755 0 0 0 0 0 0 0 0.00270625 0 -0.000666689 0 0
1.76 0 0 0 0 0 0 0 0.00283398 0 -0.000698157 0 0
1.765 0 0 0 0 0 0 0 0.00294927 0 -0.000726558 0 0
1.77 0 0 0 0 0 0 0 0.00305015 0 -0.000751412 0 0
1.775 0 0 0 0 0 0 0 0.00313498 0 -0.00077231 0 0
1.78 0 0 0 0 0 0 0 0.00320224 0 -0.00078888 0 0
1.785 0 0 0 0 0 0 0 0.00325065 0 -0.000800804 0 0
1.79 0 0 0 0 0 0 0 0.00327917 0 -0.000807832 0 0
1.795 0 0 0 0 0 0 0 0.00328714 0 -0.000809795 0 0
1.8 0 0 0 0 0 0 0 0.00327425 0 -0.000806618 0 0
1.805 0 0 0 0 0 0 0 0.00324057 0 -0.000798321 0 0
1.81 0 0 0 0 0 0 0 0.00318654 0 -0.000785011 0 0
1.815 0 0 0 0 0 0 0 0.00311289 0 -0.000766867 0 0
1.82 0 0 0 0 0 0 0 0.00302052 0 -0.000744112 0 0
1.825 0 0 0 0 0 0 0 0.00291054 0 -0.000717018 0 0
1.83 0 0 0 0 0 0 0 0.00278424 0 -0.000685903 0 0
1.835 0 0 0 0 0 0 0 0.00264331 0 -0.000651184 0 0
1.84 0 0 0 0 0 0 0 0.00249007 0 -0.000613435 0 0
1.845 0 0 0 0 0 0 0 0.00232695 0 -0.00057325 0 0
1.85 0 0 0 0 0 0 0 0.0021559 0 -0.00053111 0 0
1.855 0 0 0 0 0 0 0 0.00197859 0 -0.00048743 0 0
1.86 0 0 0 0 0 0 0 0.00179662 0 -0.000442602 0 0
1.865 0 0 0 0 0 0 0 0.00161148 0 -0.000396993 0 0
1.87 0 0 0 0 0 0 0 0.00142454 0 -0.000350938 0 0
1.875 0 0 0 0 0 0 0 0.00123693 0 -0.000304721 0 0
1.88 0 0 0 0 0 0 0 0.00104954 0 -0.000258557 0 0
1.885 0 0 0 0 0 0 0 0.000862955 0 -0.000212591 0 0
1.89 0 0 0 0 0 0 0 0.000677525 0 -0.00016691 0 0
1.895 0 0 0 0 0 0 0 0.000493341 0 -0.000121536 0 0
1.9 0 0 0 0 0 0 0 0.000310224 0 -7.64244e-05 0 0
1.905 0 0 0 0 0 0 0 0.00012775 0 -3.14716e-05 0 0
1.91 0 0 0 0 0 0 0 -5.47258e-05 0 1.34818e-05 0 0
1.915 0 0 0 0 0 0 0 -0.000238352 0 5.87186e-05 0 0
1.92 0 0 0 0 0 0 0 -0.000425058 0 0.000104714 0 0
1.925 0 0 0 0 0 0 0 -0.00061649 0 0.000151874 0 0
1.93 0 0 0 0 0 0 0 -0.000812956 0 0.000200273 0 0
1.935 0 0 0 0 0 0 0 -0.00101387 0 0.000249769 0 0
1.94 0 0 0 0 0 0 0 -0.0012182 0 0.000300106 0 0
1.945 0 0 0 0 0 0 0 -0.00142452 0 0.000350935 0 0
1.95 0 0 0 0 0 0 0 -0.00163112 0 0.000401831 0 0
1.955 0 0 0 0 0 0 0 -0.0018359 0 0.000452277 0 0
1.96 0 0 0 0 0 0 0 -0.00203631 0 0.00050165 0 0
1.965 0 0 0 0 0 0 0 -0.00222995 0 0.000549353 0 0
1.97 0 0 0 0 0 0 0 -0.00241508 0 0.000594959 0 0
1.975 0 0 0 0 0 0 0 -0.00259033 0 0.000638134 0 0
1.98 0 0 0 0 0 0 0 -0.00275445 0 0.000678566 0 0
1.985 0 0 0 0 0 0 0 -0.00290616 0 0.000715938 0 0
1.99 0 0 0 0 0 0 0 -0.00304397 0 0.000749889 0 0
1.995 0 0 0 0 0 0 0 -0.00316561 0 0.000779855 0 0
2 0 0 0 0 0 0 0 -0.00326727 0 0.000804899 0 0
2.005 0 0 0 0 0 0 0 -0.0033449 0 0.000824024 0 0
2.01 0 0 0 0 0 0 0 -0.00339551 0 0.000836491 0 0
2.015 0 0 0 0 0 0 0 -0.00341691 0 0.000841763 0 0
2.02 0 0 0 0 0 0 0 -0.00340757 0 0.000839464 0 0
2.025 0 0 0 0 0 0 0 -0.00336672 0 0.000829398 0 0
2.03 0 0 0 0 0 0 0 -0.0032944 0 0.000811582 0 0
2.035 0 0 0 0 0 0 0 -0.00319199 0 0.000786353 0 0
2.04 0 0 0 0 0 0 0 -0.00306263 0 0.000754485 0 0
2.045 0 0 0 0 0 0 0 -0.0029101 0 0.000716909 0 0
2.05 0 0 0 0 0 0 0 -0.00273772 0 0.000674443 0 0
2.055 0 0 0 0 0 0 0 -0.00254852 0 0.000627833 0 0
2.06 0 0 0 0 0 0 0 -0.00234545 0 0.000577807 0 0
2.065 0 0 0 0 0 0 0 -0.00213131 0 0.000525054 0 0
2.07 0 0 0 0 0 0 0 -0.00190865 0 0.000470201 0 0
2.075 0 0 0 0 0 0 0 -0.00167973 0 0.000413806 0 0
2.08 0 0 0 0 0 0 0 -0.00144649 0 0.000356346 0 0
2.085 0 0 0 0 0 0 0 -0.00121043 0 0.000298191 0 0
2.09 0 0 0 0 0 0 0 -0.000972582 0 0.000239598 0 0
2.095 0 0 0 0 0 0 0 -0.000733672 0 0.000180742 0 0
2.1 0 0 0 0 0 0 0 -0.000494296 0 0.000121771 0 0
2.105 0 0 0 0 0 0 0 -0.000254924 0 6.2801e-05 0 0
2.11 0 0 0 0 0 0 0 -1.59083e-05 0 3.91904e-06 0 0
2.115 0 0 0 0 0 0 0 0.00022309 0 -5.49586e-05 0 0
2.12 0 0 0 0 0 0 0 0.000463663 0 -0.000114224 0 0
2.125 0 0 0 0 0 0 0 0.000707732 0 -0.000174351 0 0
2.13 0 0 0 0 0 0 0 0.000956622 0 -0.000235666 0 0
2.135 0 0 0 0 0 0 0 0.00121123 0 -0.00029839 0 0
2.14 0 0 0 0 0 0 0 0.00147222 0 -0.000362684 0 0
2.145 0 0 0 0 0 0 0 0.00173981 0 -0.000428605 0 0
2.15 0 0 0 0 0 0 0 0.00201364 0 -0.000496066 0 0
2.155 0 0 0 0 0 0 0 0.00229237 0 -0.000564731 0 0
2.16 0 0 0 0 0 0 0 0.00257321 0 -0.000633917 0 0
2.165 0 0 0 0 0 0 0 0.00285273 0 -0.000702776 0 0
2.17 0 0 0 0 0 0 0 0.00312753 0 -0.000770473 0 0
2.175 0 0 0 0 0 0 0 0.00339429 0 -0.000836191 0 0
2.18 0 0 0 0 0 0 0 0.0036498 0 -0.000899135 0 0
2.185 0 0 0 0 0 0 0 0.00389096 0 -0.000958547 0 0
2.19 0 0 0 0 0 0 0 0.00411489 0 -0.00101371 0 0
2.195 0 0 0 0 0 0 0 0.00431854 0 -0.00106388 0 0
2.2 0 0 0 0 0 0 0 0.00449834 0 -0.00110818 0 0
2.205 0 0 0 0 0 0 0 0.00465096 0 -0.00114577 0 0
2.21 0 0 0 0 0 0 0 0.00477407 0 -0.0011761 0 0
2.215 0 0 0 0 0 0 0 0.00486602 0 -0.00119876 0 0
2.22 0 0 0 0 0 0 0 0.00492561 0 -0.00121344 0 0
2.225 0 0 0 0 0 0 0 0.00495206 0 -0.00121995 0 0
2.23 0 0 0 0 0 0 0 0.00494508 0 -0.00121823 0 0
2.235 0 0 0 0 0 0 0 0.00490508 0 -0.00120838 0 0
2.24 0 0 0 0 0 0 0 0.00483336 0 -0.00119071 0 0
2.245 0 0 0 0 0 0 0 0.00473161 0 -0.00116564 0 0
2.25 0 0 0 0 0 0 0 0.00460152 0 -0.0011336 0 0
2.255 0 0 0 0 0 0 0 0.00444478 0 -0.00109498 0 0
2.26 0 0 0 0 0 0 0 0.00426317 0 -0.00105024 0 0
2.265 0 0 0 0 0 0 0 0.00405854 0 -0.000999829 0 0
2.27 0 0 0 0 0 0 0 0.00383278 0 -0.000944214 0 0
2.275 0 0 0 0 0 0 0 0.00358796 0 -0.000883903 0 0
2.28 0 0 0 0 0 0 0 0.00332642 0 -0.00081947 0 0
2.285 0 0 0 0 0 0 0 0.00305053 0 -0.000751506 0 0
2.29 0 0 0 0 0 0 0 0.00276251 0 -0.00068055 0 0
2.295 0 0 0 0 0 0 0 0.00246445 0 -0.000607123 0 0
2.3 0 0 0 0 0 0 0 0.00215853 0 -0.000531758 0 0
2.305 0 0 0 0 0 0 0 0.00184687 0 -0.000454981 0 0
2.31 0 0 0 0 0 0 0 0.00153158 0 -0.000377308 0 0
2.315 0 0 0 0 0 0 0 0.00121456 0 -0.00029921 0 0
2.32 0 0 0 0 0 0 0 0.000897455 0 -0.00022109 0 0
2.325 0 0 0 0 0 0 0 0.000581652 0 -0.000143291 0 0
2.33 0 0 0 0 0 0 0 0.000268365 0 -6.61123e-05 0 0
2.335 0 0 0 0 0 0 0 -4.13467e-05 0 1.01858e-05 0 0
2.34 0 0 0 0 0 0 0 -0.000346535 0 8.53696e-05 0 0
2.345 0 0 0 0 0 0 0 -0.000646333 0 0.000159226 0 0
2.35 0 0 0 0 0 0 0 -0.000939924 0 0.000231552 0 0
2.355 0 0 0 0 0 0 0 -0.00122668 0 0.000302195 0 0
2.36 0 0 0 0 0 0 0 -0.00150629 0 0.000371079 0 0
2.365 0 0 0 0 0 0 0 -0.0017784 0 0.000438113 0 0
2.37 0 0 0 0 0 0 0 -0.00204217 0 0.000503094 0 0
2.375 0 0 0 0 0 0 0 -0.00229651 0 0.000565751 0 0
2.38 0 0 0 0 0 0 0 -0.00254019 0 0.000625783 0 0
2.385 0 0 0 0 0 0 0 -0.00277187 0 0.000682857 0 0
2.39 0 0 0 0 0 0 0 -0.00299007 0 0.00073661 0 0
2.395 0 0 0 0 0 0 0 -0.00319286 0 0.000786568 0 0
2.4 0 0 0 0 0 0 0 -0.00337759 0 0.000832076 0 0
2.405 0 0 0 0 0 0 0 -0.00354136 0 0.000872422 0 0
2.41 0 0 0 0 0 0 0 -0.00368159 0 0.000906967 0 0
2.415 0 0 0 0 0 0 0 -0.00379585 0 0.000935116 0 0
2.42 0 0 0 0 0 0 0 -0.00388181 0 0.000956293 0 0
2.425 0 0 0 0 0 0 0 -0.00393737 0 0.00096998 0 0
2.43 0 0 0 0 0 0 0 -0.00396083 0 0.000975759 0 0
2.435 0 0 0 0 0 0 0 -0.00395117 0 0.000973379 0 0
2.44 0 0 0 0 0 0 0 -0.00390831 0 0.00096282 0 0
2.445 0 0 0 0 0 0 0 -0.00383285 0 0.000944232 0 0
2.45 0 0 0 0 0 0 0 -0.00372589 0 0.00091788 0 0
2.455 0 0 0 0 0 0 0 -0.00358861 0 0.000884061 0 0
2.46 0 0 0 0 0 0 0 -0.00342205 0 0.000843029 0 0
2.465 0 0 0 0 0 0 0 -0.00322701 0 0.00079498 0 0
2.47 0 0 0 0 0 0 0 -0.00300396 0 0.000740032 0 0
2.475 0 0 0 0 0 0 0 -0.00275307 0 0.000678224 0 0
2.48 0 0 0 0 0 0 0 -0.00247414 0 0.000609509 0 0
2.485 0 0 0 0 0 0 0 -0.00216754 0 0.000533978 0 0
2.49 0 0 0 0 0 0 0 -0.00183505 0 0.000452068 0 0
2.495 0 0 0 0 0 0 0 -0.00147953 0 0.000364485 0 0
2.5 0 0 0 0 0 0 0 -0.00110462 0 0.000272125 0 0
2.505 0 0 0 0 0 0 0 -0.000714478 0 0.000176013 0 0
2.51 0 0 0 0 0 0 0 -0.000313608 0 7.7258e-05 0 0
2.515 0 0 0 0 0 0 0 9.32374e-05 0 -2.29692e-05 0 0
2.52 0 0 0 0 0 0 0 0.000501116 0 -0.000123451 0 0
2.525 0 0 0 0 0 0 0 0.000905826 0 -0.000223152 0 0
2.53 0 0 0 0 0 0 0 0.00130482 0 -0.000321446 0 0
2.535 0 0 0 0 0 0 0 0.00169664 0 -0.00041797 0 0
2.54 0 0 0 0 0 0 0 0.00208027 0 -0.00051248 0 0
2.545 0 0 0 0 0 0 0 0.00245509 0 -0.000604817 0 0
2.55 0 0 0 0 0 0 0 0.00282064 0 -0.000694871 0 0
2.555 0 0 0 0 0 0 0 0.00317685 0 -0.000782624 0 0
2.56 0 0 0 0 0 0 0 0.00352421 0 -0.000868198 0 0
2.565 0 0 0 0 0 0 0 0.00386307 0 -0.000951676 0 0
2.57 0 0 0 0 0 0 0 0.00419289 0 -0.00103293 0 0
2.575 0 0 0 0 0 0 0 0.00451268 0 -0.00111171 0 0
2.58 0 0 0 0 0 0 0 0.00482135 0 -0.00118775 0 0
2.585 0 0 0 0 0 0 0 0.00511771 0 -0.00126076 0 0
2.59 0 0 0 0 0 0 0 0.00540047 0 -0.00133042 0 0
2.595 0 0 0 0 0 0 0 0.0056679 0 -0.0013963 0 0
2.6 0 0 0 0 0 0 0 0.00591761 0 -0.00145782 0 0
2.605 0 0 0 0 0 0 0 0.00614688 0 -0.0015143 0 0
2.61 0 0 0 0 0 0 0 0.00635308 0 -0.0015651 0 0
2.615 0 0 0 0 0 0 0 0.00653371 0 -0.00160959 0 0
2.62 0 0 0 0 0 0 0 0.00668642 0 -0.00164721 0 0
2.625 0 0 0 0 0 0 0 0.00680916 0 -0.00167745 0 0
2.63 0 0 0 0 0 0 0 0.00690035 0 -0.00169992 0 0
2.635 0 0 0 0 0 0 0 0.00695923 0 -0.00171442 0 0
2.64 0 0 0 0 0 0 0 0.00698619 0 -0.00172106 0 0
2.645 0 0 0 0 0 0 0 0.00698237 0 -0.00172012 0 0
2.65 0 0 0 0 0 0 0 0.00694927 0 -0.00171197 0 0
2.655 0 0 0 0 0 0 0 0.00688848 0 -0.00169699 0 0
2.66 0 0 0 0 0 0 0 0.00680151 0 -0.00167557 0 0
2.665 0 0 0 0 0 0 0 0.00668955 0 -0.00164798 0 0
2.67 0 0 0 0 0 0 0 0.00655317 0 -0.00161439 0 0
2.675 0 0 0 0 0 0 0 0.00639167 0 -0.0015746 0 0
2.68 0 0 0 0 0 0 0 0.00620229 0 -0.00152795 0 0
2.685 0 0 0 0 0 0 0 0.00598198 0 -0.00147367 0 0
2.69 0 0 0 0 0 0 0 0.00572913 0 -0.00141138 0 0
2.695 0 0 0 0 0 0 0 0.00544331 0 -0.00134097 0 0
2.7 0 0 0 0 0 0 0 0.00512499 0 -0.00126255 0 0
2.705 0 0 0 0 0 0 0 0.00477556 0 -0.00117647 0 0
2.71 0 0 0 0 0 0 0 0.00439736 0 -0.0010833 0 0
2.715 0 0 0 0 0 0 0 0.00399419 0 -0.000983978 0 0
2.72 0 0 0 0 0 0 0 0.00357173 0 -0.000879904 0 0
2.725 0 0 0 0 0 0 0 0.0031361 0 -0.000772585 0 0
2.73 0 0 0 0 0 0 0 0.00269242 0 -0.000663284 0 0
2.735 0 0 0 0 0 0 0 0.00224522 0 -0.000553114 0 0
2.74 0 0 0 0 0 0 0 0.00179879 0 -0.000443137 0 0
2.745 0 0 0 0 0 0 0 0.00135722 0 -0.000334354 0 0
2.75 0 0 0 0 0 0 0 0.00092431 0 -0.000227706 0 0
2.755 0 0 0 0 0 0 0 0.000503718 0 -0.000124092 0 0
2.76 0 0 0 0 0 0 0 9.9008e-05 0 -2.43908e-05 0 0
2.765 0 0 0 0 0 0 0 -0.000286769 0 7.06461e-05 0 0
2.77 0 0 0 0 0 0 0 -0.000651504 0 0.000160499 0 0
2.775 0 0 0 0 0 0 0 -0.000993841 0 0.000244835 0 0
2.78 0 0 0 0 0 0 0 -0.00131298 0 0.000323456 0 0
2.785 0 0 0 0 0 0 0 -0.00160865 0 0.000396295 0 0
2.79 0 0 0 0 0 0 0 -0.00188109 0 0.000463412 0 0
2.795 0 0 0 0 0 0 0 -0.00213152 0 0.000525105 0 0
2.8 0 0 0 0 0 0 0 -0.00236261 0 0.000582035 0 0
2.805 0 0 0 0 0 0 0 -0.00257709 0 0.000634872 0 0
2.81 0 0 0 0 0 0 0 -0.00277635 0 0.000683959 0 0
2.815 0 0 0 0 0 0 0 -0.00296096 0 0.000729438 0 0
2.82 0 0 0 0 0 0 0 -0.00313126 0 0.000771393 0 0
2.825 0 0 0 0 0 0 0 -0.00328736 0 0.000809849 0 0
2.83 0 0 0 0 0 0 0 -0.00342917 0 0.000844784 0 0
2.835 0 0 0 0 0 0 0 -0.00355648 0 0.000876147 0 0
2.84 0 0 0 0 0 0 0 -0.00366907 0 0.000903884 0 0
2.845 0 0 0 0 0 0 0 -0.00376666 0 0.000927925 0 0
2.85 0 0 0 0 0 0 0 -0.00384884 0 0.000948171 0 0
2.855 0 0 0 0 0 0 0 -0.00391511 0 0.000964495 0 0
2.86 0 0 0 0 0 0 0 -0.00396483 0 0.000976744 0 0
2.865 0 0 0 0 0 0 0 -0.00399718 0 0.000984714 0 0
2.87 0 0 0 0 0 0 0 -0.00401108 0 0.000988139 0 0
2.875 0 0 0 0 0 0 0 -0.00400448 0 0.000986513 0 0
2.88 0 0 0 0 0 0 0 -0.00397365 0 0.000978917 0 0
2.885 0 0 0 0 0 0 0 -0.00391449 0 0.000964344 0 0
2.89 0 0 0 0 0 0 0 -0.00382389 0 0.000942024 0 0
2.895 0 0 0 0 0 0 0 -0.00369933 0 0.000911337 0 0
2.9 0 0 0 0 0 0 0 -0.0035385 0 0.000871717 0 0
2.905 0 0 0 0 0 0 0 -0.00333956 0 0.000822707 0 0
2.91 0 0 0 0 0 0 0 -0.00310127 0 0.000764005 0 0
2.915 0 0 0 0 0 0 0 -0.00282387 0 0.000695666 0 0
2.92 0 0 0 0 0 0 0 -0.00250984 0 0.000618304 0 0
2.925 0 0 0 0 0 0 0 -0.00216352 0 0.000532989 0 0
2.93 0 0 0 0 0 0 0 -0.00179071 0 0.000441146 0 0
2.935 0 0 0 0 0 0 0 -0.00139823 0 0.000344456 0 0
2.94 0 0 0 0 0 0 0 -0.000993494 0 0.000244749 0 0
2.945 0 0 0 0 0 0 0 -0.000584134 0 0.000143903 0 0
2.95 0 0 0 0 0 0 0 -0.000177521 0 4.37326e-05 0 0
2.955 0 0 0 0 0 0 0 0.00021946 0 -5.40643e-05 0 0
2.96 0 0 0 0 0 0 0 0.000600648 0 -0.000147971 0 0
2.965 0 0 0 0 0 0 0 0.000961763 0 -0.000236933 0 0
2.97 0 0 0 0 0 0 0 0.00130154 0 -0.000320638 0 0
2.975 0 0 0 0 0 0 0 0.00162077 0 -0.000399281 0 0
2.98 0 0 0 0 0 0 0 0.00192132 0 -0.000473322 0 0
2.985 0 0 0 0 0 0 0 0.00220589 0 -0.000543425 0 0
2.99 0 0 0 0 0 0 0 0.00247772 0 -0.000610393 0 0
2.995 0 0 0 0 0 0 0 0.00274156 0 -0.00067539 0 0
3 0 0 0 0 0 0 0 0.00300451 0 -0.000740167 0 0
3.005 0 0 0 0 0 0 0 0.00327327 0 -0.000806377 0 0
3.01 0 0 0 0 0 0 0 0.00355142 0 -0.000874901 0 0
3.015 0 0 0 0 0 0 0 0.00384053 0 -0.000946124 0 0
3.02 0 0 0 0 0 0 0 0.00414133 0 -0.00102023 0 0
3.025 0 0 0 0 0 0 0 0.00445364 0 -0.00109716 0 0
3.03 0 0 0 0 0 0 0 0.00477634 0 -0.00117666 0 0
3.035 0 0 0 0 0 0 0 0.00510684 0 -0.00125808 0 0
3.04 0 0 0 0 0 0 0 0.00544061 0 -0.00134031 0 0
3.045 0 0 0 0 0 0 0 0.00577246 0 -0.00142206 0 0
3.05 0 0 0 0 0 0 0 0.00609786 0 -0.00150222 0 0
3.055 0 0 0 0 0 0 0 0.00641275 0 -0.00157979 0 0
3.06 0 0 0 0 0 0 0 0.00671333 0 -0.00165384 0 0
3.065 0 0 0 0 0 0 0 0.00699611 0 -0.00172351 0 0
3.07 0 0 0 0 0 0 0 0.00725792 0 -0.00178801 0 0
3.075 0 0 0 0 0 0 0 0.00749524 0 -0.00184647 0 0
3.08 0 0 0 0 0 0 0 0.00770353 0 -0.00189778 0 0
3.085 0 0 0 0 0 0 0 0.00787812 0 -0.00194079 0 0
3.09 0 0 0 0 0 0 0 0.00801508 0 -0.00197453 0 0
3.095 0 0 0 0 0 0 0 0.00811099 0 -0.00199816 0 0
3.1 0 0 0 0 0 0 0 0.00816279 0 -0.00201092 0 0
3.105 0 0 0 0 0 0 0 0.00816794 0 -0.00201219 0 0
3.11 0 0 0 0 0 0 0 0.00812475 0 -0.00200155 0 0
3.115 0 0 0 0 0 0 0 0.00803278 0 -0.00197889 0 0
3.12 0 0 0 0 0 0 0 0.00789331 0 -0.00194453 0 0
3.125 0 0 0 0 0 0 0 0.00770881 0 -0.00189908 0 0
3.13 0 0 0 0 0 0 0 0.00748227 0 -0.00184327 0 0
3.135 0 0 0 0 0 0 0 0.00721709 0 -0.00177795 0 0
3.14 0 0 0 0 0 0 0 0.00691682 0 -0.00170397 0 0
3.145 0 0 0 0 0 0 0 0.00658502 0 -0.00162223 0 0
3.15 0 0 0 0 0 0 0 0.00622515 0 -0.00153358 0 0
3.155 0 0 0 0 0 0 0 0.00584062 0 -0.00143885 0 0
3.16 0 0 0 0 0 0 0 0.00543485 0 -0.00133889 0 0
3.165 0 0 0 0 0 0 0 0.00501108 0 -0.00123449 0 0
3.17 0 0 0 0 0 0 0 0.00457215 0 -0.00112636 0 0
3.175 0 0 0 0 0 0 0 0.00412072 0 -0.00101515 0 0
3.18 0 0 0 0 0 0 0 0.00365939 0 -0.000901499 0 0
3.185 0 0 0 0 0 0 0 0.00319071 0 -0.000786037 0 0
3.19 0 0 0 0 0 0 0 0.00271704 0 -0.000669348 0 0
3.195 0 0 0 0 0 0 0 0.00224014 0 -0.000551862 0 0
3.2 0 0 0 0 0 0 0 0.00176068 0 -0.000433746 0 0
3.205 0 0 0 0 0 0 0 0.001279 0 -0.000315084 0 0
3.21 0 0 0 0 0 0 0 0.000795851 0 -0.00019606 0 0
3.215 0 0 0 0 0 0 0 0.000312342 0 -7.6946e-05 0 0
3.22 0 0 0 0 0 0 0 -0.000170136 0 4.19135e-05 0 0
3.225 0 0 0 0 0 0 0 -0.000649769 0 0.000160072 0 0
3.23 0 0 0 0 0 0 0 -0.0011242 0 0.00027695 0 0
3.235 0 0 0 0 0 0 0 -0.00159001 0 0.000391703 0 0
3.24 0 0 0 0 0 0 0 -0.00204215 0 0.000503089 0 0
3.245 0 0 0 0 0 0 0 -0.0024751 0 0.000609745 0 0
3.25 0 0 0 0 0 0 0 -0.00288395 0 0.000710467 0 0
3.255 0 0 0 0 0 0 0 -0.0032643 0 0.000804166 0 0
3.26 0 0 0 0 0 0 0 -0.00361208 0 0.000889844 0 0
3.265 0 0 0 0 0 0 0 -0.00392369 0 0.000966609 0 0
3.27 0 0 0 0 0 0 0 -0.00419605 0 0.00103371 0 0
3.275 0 0 0 0 0 0 0 -0.00442662 0 0.00109051 0 0
3.28 0 0 0 0 0 0 0 -0.00461333 0 0.00113651 0 0
3.285 0 0 0 0 0 0 0 -0.00475475 0 0.00117134 0 0
3.29 0 0 0 0 0 0 0 -0.00485016 0 0.00119485 0 0
3.295 0 0 0 0 0 0 0 -0.00489943 0 0.00120699 0 0
3.3 0 0 0 0 0 0 0 -0.00490292 0 0.00120785 0 0
3.305 0 0 0 0 0 0 0 -0.00486146 0 0.00119763 0 0
3.31 0 0 0 0 0 0 0 -0.00477639 0 0.00117667 0 0
3.315 0 0 0 0 0 0 0 -0.00465009 0 0.00114556 0 0
3.32 0 0 0 0 0 0 0 -0.00448641 0 0.00110524 0 0
3.325 0 0 0 0 0 0 0 -0.00428951 0 0.00105673 0 0
3.33 0 0 0 0 0 0 0 -0.00406269 0 0.00100085 0 0
3.335 0 0 0 0 0 0 0 -0.00380865 0 0.00093827 0 0
3.34 0 0 0 0 0 0 0 -0.0035298 0 0.000869575 0 0
3.345 0 0 0 0 0 0 0 -0.00322816 0 0.000795265 0 0
3.35 0 0 0 0 0 0 0 -0.00290532 0 0.000715731 0 0
3.355 0 0 0 0 0 0 0 -0.00256202 0 0.000631159 0 0
3.36 0 0 0 0 0 0 0 -0.00219781 0 0.000541436 0 0
3.365 0 0 0 0 0 0 0 -0.00181204 0 0.000446401 0 0
3.37 0 0 0 0 0 0 0 -0.00140489 0 0.000346097 0 0
3.375 0 0 0 0 0 0 0 -0.000977123 0 0.000240716 0 0
3.38 0 0 0 0 0 0 0 -0.000529931 0 0.00013055 0 0
3.385 0 0 0 0 0 0 0 -6.49363e-05 0 1.59972e-05 0 0
3.39 0 0 0 0 0 0 0 0.000415755 0 -0.000102422 0 0
3.395 0 0 0 0 0 0 0 0.000909362 0 -0.000224023 0 0
3.4 0 0 0 0 0 0 0 0.00141224 0 -0.000347909 0 0
3.405 0 0 0 0 0 0 0 0.00192038 0 -0.000473089 0 0
3.41 0 0 0 0 0 0 0 0.00242988 0 -0.000598605 0 0
3.415 0 0 0 0 0 0 0 0.00293693 0 -0.000723518 0 0
3.42 0 0 0 0 0 0 0 0.00343776 0 -0.000846901 0 0
3.425 0 0 0 0 0 0 0 0.00392869 0 -0.00096784 0 0
3.43 0 0 0 0 0 0 0 0.00440607 0 -0.00108545 0 0
3.435 0 0 0 0 0 0 0 0.00486597 0 -0.00119874 0 0
3.44 0 0 0 0 0 0 0 0.00530364 0 -0.00130656 0 0
3.445 0 0 0 0 0 0 0 0.00571422 0 -0.00140771 0 0
3.45 0 0 0 0 0 0 0 0.00609332 0 -0.0015011 0 0
3.455 0 0 0 0 0 0 0 0.00643685 0 -0.00158573 0 0
3.46 0 0 0 0 0 0 0 0.00674087 0 -0.00166063 0 0
3.465 0 0 0 0 0 0 0 0.00700175 0 -0.0017249 0 0
3.47 0 0 0 0 0 0 0 0.00721634 0 -0.00177776 0 0
3.475 0 0 0 0 0 0 0 0.00738217 0 -0.00181861 0 0
3.48 0 0 0 0 0 0 0 0.00749767 0 -0.00184707 0 0
3.485 0 0 0 0 0 0 0 0.00756228 0 -0.00186298 0 0
3.49 0 0 0 0 0 0 0 0.00757653 0 -0.0018665 0 0
3.495 0 0 0 0 0 0 0 0.00754178 0 -0.00185793 0 0
3.5 0 0 0 0 0 0 0 0.00745987 0 -0.00183776 0 0
3.505 0 0 0 0 0 0 0 0.00733311 0 -0.00180653 0 0
3.51 0 0 0 0 0 0 0 0.0071641 0 -0.00176489 0 0
3.515 0 0 0 0 0 0 0 0.00695617 0 -0.00171367 0 0
3.52 0 0 0 0 0 0 0 0.00671365 0 -0.00165392 0 0
3.525 0 0 0 0 0 0 0 0.00644087 0 -0.00158672 0 0
3.53 0 0 0 0 0 0 0 0.0061411 0 -0.00151287 0 0
3.535 0 0 0 0 0 0 0 0.00581693 0 -0.00143301 0 0
3.54 0 0 0 0 0 0 0 0.00547054 0 -0.00134768 0 0
3.545 0 0 0 0 0 0 0 0.00510367 0 -0.0012573 0 0
3.55 0 0 0 0 0 0 0 0.00471751 0 -0.00116217 0 0
3.555 0 0 0 0 0 0 0 0.00431192 0 -0.00106225 0 0
3.56 0 0 0 0 0 0 0 0.00388465 0 -0.000956993 0 0
3.565 0 0 0 0 0 0 0 0.00343313 0 -0.00084576 0 0
3.57 0 0 0 0 0 0 0 0.00295619 0 -0.000728264 0 0
3.575 0 0 0 0 0 0 0 0.00245368 0 -0.000604469 0 0
3.58 0 0 0 0 0 0 0 0.00192609 0 -0.000474496 0 0
3.585 0 0 0 0 0 0 0 0.00137468 0 -0.000338655 0 0
3.59 0 0 0 0 0 0 0 0.000801598 0 -0.000197475 0 0
3.595 0 0 0 0 0 0 0 0.000210379 0 -5.18273e-05 0 0
3.6 0 0 0 0 0 0 0 -0.000393587 0 9.6961e-05 0 0
3.605 0 0 0 0 0 0 0 -0.00100411 0 0.000247365 0 0
3.61 0 0 0 0 0 0 0 -0.00161528 0 0.000397928 0 0
3.615 0 0 0 0 0 0 0 -0.00222136 0 0.000547238 0 0
3.62 0 0 0 0 0 0 0 -0.00281672 0 0.000693906 0 0
3.625 0 0 0 0 0 0 0 -0.00339593 0 0.000836594 0 0
3.63 0 0 0 0 0 0 0 -0.00395382 0 0.000974032 0 0
3.635 0 0 0 0 0 0 0 -0.00448524 0 0.00110495 0 0
3.64 0 0 0 0 0 0 0 -0.00498469 0 0.00122799 0 0
3.645 0 0 0 0 0 0 0 -0.00544711 0 0.00134191 0 0
3.65 0 0 0 0 0 0 0 -0.00586854 0 0.00144573 0 0
3.655 0 0 0 0 0 0 0 -0.00624584 0 0.00153868 0 0
3.66 0 0 0 0 0 0 0 -0.00657632 0 0.00162009 0 0
3.665 0 0 0 0 0 0 0 -0.00685779 0 0.00168943 0 0
3.67 0 0 0 0 0 0 0 -0.00708867 0 0.00174631 0 0
3.675 0 0 0 0 0 0 0 -0.00726826 0 0.00179055 0 0
3.68 0 0 0 0 0 0 0 -0.0073971 0 0.00182229 0 0
3.685 0 0 0 0 0 0 0 -0.00747643 0 0.00184183 0 0
3.69 0 0 0 0 0 0 0 -0.00750759 0 0.00184951 0 0
3.695 0 0 0 0 0 0 0 -0.00749215 0 0.00184571 0 0
3.7 0 0 0 0 0 0 0 -0.00743193 0 0.00183087 0 0
3.705 0 0 0 0 0 0 0 -0.00732903 0 0.00180552 0 0
3.71 0 0 0 0 0 0 0 -0.00718564 0 0.0017702 0 0
3.715 0 0 0 0 0 0 0 -0.00700412 0 0.00172548 0 0
3.72 0 0 0 0 0 0 0 -0.00678697 0 0.00167199 0 0
3.725 0 0 0 0 0 0 0 -0.00653634 0 0.00161024 0 0
3.73 0 0 0 0 0 0 0 -0.00625353 0 0.00154057 0 0
3.735 0 0 0 0 0 0 0 -0.0059393 0 0.00146316 0 0
3.74 0 0 0 0 0 0 0 -0.00559411 0 0.00137812 0 0
3.745 0 0 0 0 0 0 0 -0.00521827 0 0.00128553 0 0
3.75 0 0 0 0 0 0 0 -0.004812 0 0.00118545 0 0
3.755 0 0 0 0 0 0 0 -0.00437559 0 0.00107794 0 0
3.76 0 0 0 0 0 0 0 -0.00390942 0 0.000963095 0 0
3.765 0 0 0 0 0 0 0 -0.00341486 0 0.000841259 0 0
3.77 0 0 0 0 0 0 0 -0.00289503 0 0.000713197 0 0
3.775 0 0 0 0 0 0 0 -0.00235427 0 0.00057998 0 0
3.78 0 0 0 0 0 0 0 -0.00179764 0 0.000442851 0 0
3.785 0 0 0 0 0 0 0 -0.00123059 0 0.00030316 0 0
3.79 0 0 0 0 0 0 0 -0.000658748 0 0.000162284 0 0
3.795 0 0 0 0 0 0 0 -8.75867e-05 0 2.15772e-05 0 0
3.8 0 0 0 0 0 0 0 0.000477757 0 -0.000117697 0 0
3.805 0 0 0 0 0 0 0 0.00103313 0 -0.000254515 0 0
3.81 0 0 0 0 0 0 0 0.00157599 0 -0.000388248 0 0
3.815 0 0 0 0 0 0 0 0.00210482 0 -0.000518527 0 0
3.82 0 0 0 0 0 0 0 0.00261861 0 -0.000645101 0 0
3.825 0 0 0 0 0 0 0 0.00311665 0 -0.000767793 0 0
3.83 0 0 0 0 0 0 0 0.00359828 0 -0.000886445 0 0
3.835 0 0 0 0 0 0 0 0.00406264 0 -0.00100084 0 0
3.84 0 0 0 0 0 0 0 0.00450826 0 -0.00111062 0 0
3.845 0 0 0 0 0 0 0 0.00493276 0 -0.0012152 0 0
3.85 0 0 0 0 0 0 0 0.00533248 0 -0.00131367 0 0
3.855 0 0 0 0 0 0 0 0.00570284 0 -0.00140491 0 0
3.86 0 0 0 0 0 0 0 0.0060388 0 -0.00148767 0 0
3.865 0 0 0 0 0 0 0 0.00633506 0 -0.00156066 0 0
3.87 0 0 0 0 0 0 0 0.00658624 0 -0.00162253 0 0
3.875 0 0 0 0 0 0 0 0.00678643 0 -0.00167185 0 0
3.88 0 0 0 0 0 0 0 0.00692874 0 -0.00170691 0 0
3.885 0 0 0 0 0 0 0 0.00700733 0 -0.00172627 0 0
3.89 0 0 0 0 0 0 0 0.00701946 0 -0.00172926 0 0
3.895 0 0 0 0 0 0 0 0.0069646 0 -0.00171574 0 0
3.9 0 0 0 0 0 0 0 0.00684355 0 -0.00168592 0 0
3.905 0 0 0 0 0 0 0 0.00665834 0 -0.0016403 0 0
3.91 0 0 0 0 0 0 0 0.00641217 0 -0.00157965 0 0
3.915 0 0 0 0 0 0 0 0.00611017 0 -0.00150525 0 0
3.92 0 0 0 0 0 0 0 0.00576012 0 -0.00141902 0 0
3.925 0 0 0 0 0 0 0 0.00537024 0 -0.00132297 0 0
3.93 0 0 0 0 0 0 0 0.00494706 0 -0.00121872 0 0
3.935 0 0 0 0 0 0 0 0.00449612 0 -0.00110763 0 0
3.94 0 0 0 0 0 0 0 0.00402277 0 -0.000991017 0 0
3.945 0 0 0 0 0 0 0 0.00353212 0 -0.000870145 0 0
3.95 0 0 0 0 0 0 0 0.00302904 0 -0.00074621 0 0
3.955 0 0 0 0 0 0 0 0.00251847 0 -0.00062043 0 0
3.96 0 0 0 0 0 0 0 0.00200576 0 -0.000494123 0 0
3.965 0 0 0 0 0 0 0 0.00149595 0 -0.00036853 0 0
3.97 0 0 0 0 0 0 0 0.000993045 0 -0.000244639 0 0
3.975 0 0 0 0 0 0 0 0.000500332 0 -0.000123258 0 0
3.98 0 0 0 0 0 0 0 2.06588e-05 0 -5.08935e-06 0 0
3.985 0 0 0 0 0 0 0 -0.000443609 0 0.000109284 0 0
3.99 0 0 0 0 0 0 0 -0.000890639 0 0.000219411 0 0
3.995 0 0 0 0 0 0 0 -0.00131962 0 0.000325092 0 0
4 0 0 0 0 0 0 0 -0.00173126 0 0.0004265 0 0
4.005 0 0 0 0 0 0 0 -0.00212664 0 0.000523903 0 0
4.01 0 0 0 0 0 0 0 -0.0025061 0 0.000617383 0 0
4.015 0 0 0 0 0 0 0 -0.00286955 0 0.00070692 0 0
4.02 0 0 0 0 0 0 0 -0.00321683 0 0.000792473 0 0
4.025 0 0 0 0 0 0 0 -0.00354767 0 0.000873977 0 0
4.03 0 0 0 0 0 0 0 -0.00386169 0 0.000951335 0 0
4.035 0 0 0 0 0 0 0 -0.00415852 0 0.00102446 0 0
4.04 0 0 0 0 0 0 0 -0.00443798 0 0.00109331 0 0
4.045 0 0 0 0 0 0 0 -0.00469972 0 0.00115779 0 0
4.05 0 0 0 0 0 0 0 -0.00494282 0 0.00121767 0 0
4.055 0 0 0 0 0 0 0 -0.00516596 0 0.00127264 0 0
4.06 0 0 0 0 0 0 0 -0.00536763 0 0.00132233 0 0
4.065 0 0 0 0 0 0 0 -0.00554612 0 0.0013663 0 0
4.07 0 0 0 0 0 0 0 -0.00569948 0 0.00140408 0 0
4.075 0 0 0 0 0 0 0 -0.00582502 0 0.00143501 0 0
4.08 0 0 0 0 0 0 0 -0.00591877 0 0.0014581 0 0
4.085 0 0 0 0 0 0 0 -0.00597667 0 0.00147237 0 0
4.09 0 0 0 0 0 0 0 -0.00599576 0 0.00147707 0 0
4.095 0 0 0 0 0 0 0 -0.00597376 0 0.00147165 0 0
4.1 0 0 0 0 0 0 0 -0.0059088 0 0.00145565 0 0
4.105 0 0 0 0 0 0 0 -0.00579946 0 0.00142871 0 0
4.11 0 0 0 0 0 0 0 -0.00564497 0 0.00139065 0 0
4.115 0 0 0 0 0 0 0 -0.00544559 0 0.00134153 0 0
4.12 0 0 0 0 0 0 0 -0.00520312 0 0.0012818 0 0
4.125 0 0 0 0 0 0 0 -0.00492057 0 0.00121219 0 0
4.13 0 0 0 0 0 0 0 -0.00460188 0 0.00113368 0 0
4.135 0 0 0 0 0 0 0 -0.00425176 0 0.00104743 0 0
4.14 0 0 0 0 0 0 0 -0.00387549 0 0.000954735 0 0
4.145 0 0 0 0 0 0 0 -0.0034788 0 0.000857011 0 0
4.15 0 0 0 0 0 0 0 -0.00306767 0 0.000755727 0 0
4.155 0 0 0 0 0 0 0 -0.00264883 0 0.000652545 0 0
4.16 0 0 0 0 0 0 0 -0.00223032 0 0.000549445 0 0
4.165 0 0 0 0 0 0 0 -0.00181962 0 0.000448267 0 0
4.17 0 0 0 0 0 0 0 -0.00142181 0 0.000350265 0 0
4.175 0 0 0 0 0 0 0 -0.00104044 0 0.000256315 0 0
4.18 0 0 0 0 0 0 0 -0.000678429 0 0.000167133 0 0
4.185 0 0 0 0 0 0 0 -0.000338053 0 8.32801e-05 0 0
4.19 0 0 0 0 0 0 0 -2.10501e-05 0 5.18573e-06 0 0
4.195 0 0 0 0 0 0 0 0.000271535 0 -6.68933e-05 0 0
4.2 0 0 0 0 0 0 0 0.000539483 0 -0.000132903 0 0
4.205 0 0 0 0 0 0 0 0.000782884 0 -0.000192865 0 0
4.21 0 0 0 0 0 0 0 0.00100163 0 -0.000246753 0 0
4.215 0 0 0 0 0 0 0 0.00119565 0 -0.000294551 0 0
4.22 0 0 0 0 0 0 0 0.00136518 0 -0.000336316 0 0
4.225 0 0 0 0 0 0 0 0.00151084 0 -0.000372199 0 0
4.23 0 0 0 0 0 0 0 0.0016337 0 -0.000402465 0 0
4.235 0 0 0 0 0 0 0 0.00173602 0 -0.000427671 0 0
4.24 0 0 0 0 0 0 0 0.00182201 0 -0.000448856 0 0
4.245 0 0 0 0 0 0 0 0.00189613 0 -0.000467117 0 0
4.25 0 0 0 0 0 0 0 0.00196141 0 -0.000483198 0 0
4.255 0 0 0 0 0 0 0 0.00201997 0 -0.000497624 0 0
4.26 0 0 0 0 0 0 0 0.0020736 0 -0.000510836 0 0
4.265 0 0 0 0 0 0 0 0.00212377 0 -0.000523194 0 0
4.27 0 0 0 0 0 0 0 0.00217159 0 -0.000534977 0 0
4.275 0 0 0 0 0 0 0 0.00221842 0 -0.000546511 0 0
4.28 0 0 0 0 0 0 0 0.00226629 0 -0.000558304 0 0
4.285 0 0 0 0 0 0 0 0.00231757 0 -0.000570938 0 0
4.29 0 0 0 0 0 0 0 0.00237452 0 -0.000584968 0 0
4.295 0 0 0 0 0 0 0 0.00243949 0 -0.000600974 0 0
4.3 0 0 0 0 0 0 0 0.00251512 0 -0.000619606 0 0
4.305 0 0 0 0 0 0 0 0.00260413 0 -0.000641534 0 0
4.31 0 0 0 0 0 0 0 0.0027091 0 -0.000667392 0 0
4.315 0 0 0 0 0 0 0 0.00283229 0 -0.00069774 0 0
4.32 0 0 0 0 0 0 0 0.0029755 0 -0.000733021 0 0
4.325 0 0 0 0 0 0 0 0.00313937 0 -0.000773391 0 0
4.33 0 0 0 0 0 0 0 0.00332264 0 -0.000818541 0 0
4.335 0 0 0 0 0 0 0 0.00352286 0 -0.000867864 0 0
4.34 0 0 0 0 0 0 0 0.00373701 0 -0.00092062 0 0
4.345 0 0 0 0 0 0 0 0.00396177 0 -0.000975992 0 0
4.35 0 0 0 0 0 0 0 0.00419375 0 -0.00103314 0 0
4.355 0 0 0 0 0 0 0 0.00442935 0 -0.00109118 0 0
4.36 0 0 0 0 0 0 0 0.00466477 0 -0.00114918 0 0
4.365 0 0 0 0 0 0 0 0.00489666 0 -0.0012063 0 0
4.37 0 0 0 0 0 0 0 0.00512278 0 -0.00126201 0 0
4.375 0 0 0 0 0 0 0 0.00534155 0 -0.0013159 0 0
4.38 0 0 0 0 0 0 0 0.00555153 0 -0.00136763 0 0
4.385 0 0 0 0 0 0 0 0.00575137 0 -0.00141686 0 0
4.39 0 0 0 0 0 0 0 0.00593972 0 -0.00146326 0 0
4.395 0 0 0 0 0 0 0 0.00611504 0 -0.00150645 0 0
4.4 0 0 0 0 0 0 0 0.00627539 0 -0.00154596 0 0
4.405 0 0 0 0 0 0 0 0.00641876 0 -0.00158128 0 0
4.41 0 0 0 0 0 0 0 0.00654343 0 -0.00161199 0 0
4.415 0 0 0 0 0 0 0 0.00664787 0 -0.00163772 0 0
4.42 0 0 0 0 0 0 0 0.00673056 0 -0.00165809 0 0
4.425 0 0 0 0 0 0 0 0.0067901 0 -0.00167276 0 0
4.43 0 0 0 0 0 0 0 0.00682512 0 -0.00168138 0 0
4.435 0 0 0 0 0 0 0 0.006834 0 -0.00168357 0 0
4.44 0 0 0 0 0 0 0 0.00681448 0 -0.00167876 0 0
4.445 0 0 0 0 0 0 0 0.00676435 0 -0.00166641 0 0
4.45 0 0 0 0 0 0 0 0.00668211 0 -0.00164615 0 0
4.455 0 0 0 0 0 0 0 0.0065667 0 -0.00161772 0 0
4.46 0 0 0 0 0 0 0 0.00641713 0 -0.00158087 0 0
4.465 0 0 0 0 0 0 0 0.00623256 0 -0.00153541 0 0
4.47 0 0 0 0 0 0 0 0.00601227 0 -0.00148114 0 0
4.475 0 0 0 0 0 0 0 0.00575549 0 -0.00141788 0 0
4.48 0 0 0 0 0 0 0 0.00546123 0 -0.00134539 0 0
4.485 0 0 0 0 0 0 0 0.0051293 0 -0.00126362 0 0
4.49 0 0 0 0 0 0 0 0.00476146 0 -0.001173 0 0
4.495 0 0 0 0 0 0 0 0.004361 0 -0.00107434 0 0
4.5 0 0 0 0 0 0 0 0.00393251 0 -0.000968784 0 0
4.505 0 0 0 0 0 0 0 0.00348169 0 -0.000857722 0 0
4.51 0 0 0 0 0 0 0 0.00301523 0 -0.000742808 0 0
4.515 0 0 0 0 0 0 0 0.00254181 0 -0.000626181 0 0
4.52 0 0 0 0 0 0 0 0.00207309 0 -0.000510711 0 0
4.525 0 0 0 0 0 0 0 0.00162049 0 -0.000399211 0 0
4.53 0 0 0 0 0 0 0 0.00119198 0 -0.000293646 0 0
4.535 0 0 0 0 0 0 0 0.000793277 0 -0.000195426 0 0
4.54 0 0 0 0 0 0 0 0.000429031 0 -0.000105693 0 0
4.545 0 0 0 0 0 0 0 0.000102726 0 -2.53069e-05 0 0
4.55 0 0 0 0 0 0 0 -0.000183369 0 4.51735e-05 0 0
4.555 0 0 0 0 0 0 0 -0.000428876 0 0.000105655 0 0
4.56 0 0 0 0 0 0 0 -0.000635952 0 0.000156668 0 0
4.565 0 0 0 0 0 0 0 -0.000807828 0 0.00019901 0 0
4.57 0 0 0 0 0 0 0 -0.000947337 0 0.000233379 0 0
4.575 0 0 0 0 0 0 0 -0.00105718 0 0.000260438 0 0
4.58 0 0 0 0 0 0 0 -0.00114018 0 0.000280886 0 0
4.585 0 0 0 0 0 0 0 -0.0011992 0 0.000295425 0 0
4.59 0 0 0 0 0 0 0 -0.00123705 0 0.000304749 0 0
4.595 0 0 0 0 0 0 0 -0.001257 0 0.000309664 0 0
4.6 0 0 0 0 0 0 0 -0.0012633 0 0.000311217 0 0
4.605 0 0 0 0 0 0 0 -0.00126002 0 0.000310409 0 0
4.61 0 0 0 0 0 0 0 -0.00124984 0 0.000307901 0 0
4.615 0 0 0 0 0 0 0 -0.00123473 0 0.000304178 0 0
4.62 0 0 0 0 0 0 0 -0.00121655 0 0.0002997 0 0
4.625 0 0 0 0 0 0 0 -0.00119705 0 0.000294895 0 0
4.63 0 0 0 0 0 0 0 -0.00117774 0 0.00029014 0 0
4.635 0 0 0 0 0 0 0 -0.00115982 0 0.000285723 0 0
4.64 0 0 0 0 0 0 0 -0.0011439 0 0.000281803 0 0
4.645 0 0 0 0 0 0 0 -0.00112998 0 0.000278372 0 0
4.65 0 0 0 0 0 0 0 -0.00111721 0 0.000275227 0 0
4.655 0 0 0 0 0 0 0 -0.00110418 0 0.000272017 0 0
4.66 0 0 0 0 0 0 0 -0.00108912 0 0.000268307 0 0
4.665 0 0 0 0 0 0 0 -0.00106999 0 0.000263594 0 0
4.67 0 0 0 0 0 0 0 -0.0010446 0 0.000257339 0 0
4.675 0 0 0 0 0 0 0 -0.00101009 0 0.000248837 0 0
4.68 0 0 0 0 0 0 0 -0.000962434 0 0.000237098 0 0
4.685 0 0 0 0 0 0 0 -0.000897733 0 0.000221159 0 0
4.69 0 0 0 0 0 0 0 -0.000813482 0 0.000200403 0 0
4.695 0 0 0 0 0 0 0 -0.000707963 0 0.000174408 0 0
4.7 0 0 0 0 0 0 0 -0.000579623 0 0.000142791 0 0
4.705 0 0 0 0 0 0 0 -0.000427102 0 0.000105218 0 0
4.71 0 0 0 0 0 0 0 -0.000249264 0 6.14068e-05 0 0
4.715 0 0 0 0 0 0 0 -4.51715e-05 0 1.11281e-05 0 0
4.72 0 0 0 0 0 0 0 0.000185941 0 -4.58069e-05 0 0
4.725 0 0 0 0 0 0 0 0.000443972 0 -0.000109373 0 0
4.73 0 0 0 0 0 0 0 0.000727273 0 -0.000179165 0 0
4.735 0 0 0 0 0 0 0 0.00103303 0 -0.000254488 0 0
4.74 0 0 0 0 0 0 0 0.00135762 0 -0.000334453 0 0
4.745 0 0 0 0 0 0 0 0.00169675 0 -0.000417999 0 0
4.75 0 0 0 0 0 0 0 0.0020455 0 -0.000503913 0 0
4.755 0 0 0 0 0 0 0 0.00239721 0 -0.000590559 0 0
4.76 0 0 0 0 0 0 0 0.00274246 0 -0.000675611 0 0
4.765 0 0 0 0 0 0 0 0.00307144 0 -0.000756655 0 0
4.77 0 0 0 0 0 0 0 0.00337641 0 -0.000831785 0 0
4.775 0 0 0 0 0 0 0 0.00365082 0 -0.000899389 0 0
4.78 0 0 0 0 0 0 0 0.00388846 0 -0.00095793 0 0
4.785 0 0 0 0 0 0 0 0.00408355 0 -0.00100599 0 0
4.79 0 0 0 0 0 0 0 0.00423103 0 -0.00104232 0 0
4.795 0 0 0 0 0 0 0 0.00432635 0 -0.00106581 0 0
4.8 0 0 0 0 0 0 0 0.00436541 0 -0.00107543 0 0
4.805 0 0 0 0 0 0 0 0.00434551 0 -0.00107053 0 0
4.81 0 0 0 0 0 0 0 0.00426634 0 -0.00105102 0 0
4.815 0 0 0 0 0 0 0 0.00412924 0 -0.00101725 0 0
4.82 0 0 0 0 0 0 0 0.00393641 0 -0.000969744 0 0
4.825 0 0 0 0 0 0 0 0.00369078 0 -0.000909231 0 0
4.83 0 0 0 0 0 0 0 0.00339585 0 -0.000836576 0 0
4.835 0 0 0 0 0 0 0 0.00305628 0 -0.00075292 0 0
4.84 0 0 0 0 0 0 0 0.0026783 0 -0.000659806 0 0
4.845 0 0 0 0 0 0 0 0.0022685 0 -0.00055885 0 0
4.85 0 0 0 0 0 0 0 0.00183239 0 -0.000451412 0 0
4.855 0 0 0 0 0 0 0 0.00137496 0 -0.000338725 0 0
4.86 0 0 0 0 0 0 0 0.000901252 0 -0.000222025 0 0
4.865 0 0 0 0 0 0 0 0.000416124 0 -0.000102513 0 0
4.87 0 0 0 0 0 0 0 -7.58791e-05 0 1.8693e-05 0 0
4.875 0 0 0 0 0 0 0 -0.000571103 0 0.000140692 0 0
4.88 0 0 0 0 0 0 0 -0.00106733 0 0.00026294 0 0
4.885 0 0 0 0 0 0 0 -0.00156354 0 0.00038518 0 0
4.89 0 0 0 0 0 0 0 -0.00205958 0 0.000507382 0 0
4.895 0 0 0 0 0 0 0 -0.002556 0 0.000629677 0 0
4.9 0 0 0 0 0 0 0 -0.00305376 0 0.000752302 0 0
4.905 0 0 0 0 0 0 0 -0.00355397 0 0.000875527 0 0
4.91 0 0 0 0 0 0 0 -0.0040576 0 0.000999598 0 0
4.915 0 0 0 0 0 0 0 -0.00456518 0 0.00112464 0 0
4.92 0 0 0 0 0 0 0 -0.00507647 0 0.0012506 0 0
4.925 0 0 0 0 0 0 0 -0.00558966 0 0.00137703 0 0
4.93 0 0 0 0 0 0 0 -0.00610069 0 0.00150292 0 0
4.935 0 0 0 0 0 0 0 -0.00660402 0 0.00162691 0 0
4.94 0 0 0 0 0 0 0 -0.00709346 0 0.00174749 0 0
4.945 0 0 0 0 0 0 0 -0.00756254 0 0.00186305 0 0
4.95 0 0 0 0 0 0 0 -0.00800486 0 0.00197202 0 0
4.955 0 0 0 0 0 0 0 -0.00841386 0 0.00207277 0 0
4.96 0 0 0 0 0 0 0 -0.00878262 0 0.00216362 0 0
4.965 0 0 0 0 0 0 0 -0.00910522 0 0.00224309 0 0
4.97 0 0 0 0 0 0 0 -0.00937804 0 0.0023103 0 0
4.975 0 0 0 0 0 0 0 -0.00959893 0 0.00236472 0 0
4.98 0 0 0 0 0 0 0 -0.00976634 0 0.00240596 0 0
4.985 0 0 0 0 0 0 0 -0.00987929 0 0.00243379 0 0
4.99 0 0 0 0 0 0 0 -0.00993736 0 0.00244809 0 0
4.995 0 0 0 0 0 0 0 -0.00994093 0 0.00244897 0 0
5 0 0 0 0 0 0 0 -0.00989158 0 0.00243681 0 0
5.005 0 0 0 0 0 0 0 -0.00979154 0 0.00241217 0 0
5.01 0 0 0 0 0 0 0 -0.00964322 0 0.00237563 0 0
5.015 0 0 0 0 0 0 0 -0.00944928 0 0.00232785 0 0
5.02 0 0 0 0 0 0 0 -0.00921269 0 0.00226957 0 0
5.025 0 0 0 0 0 0 0 -0.00893657 0 0.00220154 0 0
5.03 0 0 0 0 0 0 0 -0.00862411 0 0.00212457 0 0
5.035 0 0 0 0 0 0 0 -0.00827842 0 0.00203941 0 0
5.04 0 0 0 0 0 0 0 -0.0079025 0 0.0019468 0 0
5.045 0 0 0 0 0 0 0 -0.00749897 0 0.00184739 0 0
5.05 0 0 0 0 0 0 0 -0.00706995 0 0.0017417 0 0
5.055 0 0 0 0 0 0 0 -0.00661735 0 0.0016302 0 0
5.06 0 0 0 0 0 0 0 -0.00614315 0 0.00151338 0 0
5.065 0 0 0 0 0 0 0 -0.00564952 0 0.00139177 0 0
5.07 0 0 0 0 0 0 0 -0.00513898 0 0.001266 0 0
5.075 0 0 0 0 0 0 0 -0.00461462 0 0.00113682 0 0
5.08 0 0 0 0 0 0 0 -0.00408035 0 0.0010052 0 0
5.085 0 0 0 0 0 0 0 -0.00354017 0 0.000872128 0 0
5.09 0 0 0 0 0 0 0 -0.00299736 0 0.000738406 0 0
5.095 0 0 0 0 0 0 0 -0.0024544 0 0.000604646 0 0
5.1 0 0 0 0 0 0 0 -0.00191279 0 0.000471219 0 0
5.105 0 0 0 0 0 0 0 -0.001373 0 0.000338241 0 0
5.11 0 0 0 0 0 0 0 -0.000834395 0 0.000205555 0 0
5.115 0 0 0 0 0 0 0 -0.000294175 0 7.24707e-05 0 0
5.12 0 0 0 0 0 0 0 0.000253676 0 -6.24936e-05 0 0
5.125 0 0 0 0 0 0 0 0.000814979 0 -0.000200772 0 0
5.13 0 0 0 0 0 0 0 0.00139197 0 -0.000342914 0 0
5.135 0 0 0 0 0 0 0 0.00198451 0 -0.000488888 0 0
5.14 0 0 0 0 0 0 0 0.00259136 0 -0.000638387 0 0
5.145 0 0 0 0 0 0 0 0.00321022 0 -0.000790844 0 0
5.15 0 0 0 0 0 0 0 0.00383783 0 -0.000945457 0 0
5.155 0 0 0 0 0 0 0 0.00446958 0 -0.00110109 0 0
5.16 0 0 0 0 0 0 0 0.00509911 0 -0.00125618 0 0
5.165 0 0 0 0 0 0 0 0.00571952 0 -0.00140902 0 0
5.17 0 0 0 0 0 0 0 0.00632457 0 -0.00155807 0 0
5.175 0 0 0 0 0 0 0 0.00690836 0 -0.00170189 0 0
5.18 0 0 0 0 0 0 0 0.00746506 0 -0.00183904 0 0
5.185 0 0 0 0 0 0 0 0.007989 0 -0.00196811 0 0
5.19 0 0 0 0 0 0 0 0.00847471 0 -0.00208776 0 0
5.195 0 0 0 0 0 0 0 0.00891659 0 -0.00219662 0 0
5.2 0 0 0 0 0 0 0 0.00930852 0 -0.00229317 0 0
5.205 0 0 0 0 0 0 0 0.009645 0 -0.00237607 0 0
5.21 0 0 0 0 0 0 0 0.00992228 0 -0.00244438 0 0
5.215 0 0 0 0 0 0 0 0.0101377 0 -0.00249746 0 0
5.22 0 0 0 0 0 0 0 0.0102893 0 -0.0025348 0 0
5.225 0 0 0 0 0 0 0 0.0103755 0 -0.00255603 0 0
5.23 0 0 0 0 0 0 0 0.0103951 0 -0.00256086 0 0
5.235 0 0 0 0 0 0 0 0.0103476 0 -0.00254915 0 0
5.24 0 0 0 0 0 0 0 0.0102326 0 -0.00252082 0 0
5.245 0 0 0 0 0 0 0 0.0100507 0 -0.002476 0 0
5.25 0 0 0 0 0 0 0 0.0098032 0 -0.00241504 0 0
5.255 0 0 0 0 0 0 0 0.00949263 0 -0.00233853 0 0
5.26 0 0 0 0 0 0 0 0.0091221 0 -0.00224725 0 0
5.265 0 0 0 0 0 0 0 0.00869556 0 -0.00214217 0 0
5.27 0 0 0 0 0 0 0 0.00821761 0 -0.00202443 0 0
5.275 0 0 0 0 0 0 0 0.00769407 0 -0.00189545 0 0
5.28 0 0 0 0 0 0 0 0.00713246 0 -0.0017571 0 0
5.285 0 0 0 0 0 0 0 0.00654042 0 -0.00161125 0 0
5.29 0 0 0 0 0 0 0 0.00592413 0 -0.00145942 0 0
5.295 0 0 0 0 0 0 0 0.00528897 0 -0.00130295 0 0
5.3 0 0 0 0 0 0 0 0.0046401 0 -0.0011431 0 0
5.305 0 0 0 0 0 0 0 0.00398254 0 -0.000981107 0 0
5.31 0 0 0 0 0 0 0 0.00332116 0 -0.000818176 0 0
5.315 0 0 0 0 0 0 0 0.00266114 0 -0.000655578 0 0
5.32 0 0 0 0 0 0 0 0.00200832 0 -0.000494755 0 0
5.325 0 0 0 0 0 0 0 0.00136865 0 -0.000337169 0 0
5.33 0 0 0 0 0 0 0 0.000747485 0 -0.000184145 0 0
5.335 0 0 0 0 0 0 0 0.000149903 0 -3.69288e-05 0 0
5.34 0 0 0 0 0 0 0 -0.000419117 0 0.00010325 0 0
5.345 0 0 0 0 0 0 0 -0.000954735 0 0.000235201 0 0
5.35 0 0 0 0 0 0 0 -0.00145233 0 0.000357784 0 0
5.355 0 0 0 0 0 0 0 -0.00190716 0 0.000469833 0 0
5.36 0 0 0 0 0 0 0 -0.00231407 0 0.000570075 0 0
5.365 0 0 0 0 0 0 0 -0.00266824 0 0.000657327 0 0
5.37 0 0 0 0 0 0 0 -0.00296606 0 0.000730695 0 0
5.375 0 0 0 0 0 0 0 -0.00320468 0 0.000789481 0 0
5.38 0 0 0 0 0 0 0 -0.00338169 0 0.000833088 0 0
5.385 0 0 0 0 0 0 0 -0.00349517 0 0.000861043 0 0
5.39 0 0 0 0 0 0 0 -0.0035438 0 0.000873024 0 0
5.395 0 0 0 0 0 0 0 -0.00352751 0 0.000869009 0 0
5.4 0 0 0 0 0 0 0 -0.00344803 0 0.00084943 0 0
5.405 0 0 0 0 0 0 0 -0.00330854 0 0.000815065 0 0
5.41 0 0 0 0 0 0 0 -0.00311318 0 0.000766939 0 0
5.415 0 0 0 0 0 0 0 -0.0028671 0 0.000706317 0 0
5.42 0 0 0 0 0 0 0 -0.00257641 0 0.000634705 0 0
5.425 0 0 0 0 0 0 0 -0.00224808 0 0.000553819 0 0
5.43 0 0 0 0 0 0 0 -0.00188979 0 0.000465553 0 0
5.435 0 0 0 0 0 0 0 -0.00151158 0 0.00037238 0 0
5.44 0 0 0 0 0 0 0 -0.00112744 0 0.000277747 0 0
5.445 0 0 0 0 0 0 0 -0.000751552 0 0.000185146 0 0
5.45 0 0 0 0 0 0 0 -0.000394502 0 9.71864e-05 0 0
5.455 0 0 0 0 0 0 0 -6.48201e-05 0 1.59686e-05 0 0
5.46 0 0 0 0 0 0 0 0.00022949 0 -5.65353e-05 0 0
5.465 0 0 0 0 0 0 0 0.000481142 0 -0.00011853 0 0
5.47 0 0 0 0 0 0 0 0.000683757 0 -0.000168445 0 0
5.475 0 0 0 0 0 0 0 0.000831827 0 -0.000204922 0 0
5.48 0 0 0 0 0 0 0 0.00092067 0 -0.000226809 0 0
5.485 0 0 0 0 0 0 0 0.000947432 0 -0.000233402 0 0
5.49 0 0 0 0 0 0 0 0.000912066 0 -0.000224689 0 0
5.495 0 0 0 0 0 0 0 0.000816436 0 -0.000201131 0 0
5.5 0 0 0 0 0 0 0 0.000663416 0 -0.000163434 0 0
5.505 0 0 0 0 0 0 0 0.000456691 0 -0.000112507 0 0
5.51 0 0 0 0 0 0 0 0.000200553 0 -4.94066e-05 0 0
5.515 0 0 0 0 0 0 0 -9.95355e-05 0 2.45208e-05 0 0
5.52 0 0 0 0 0 0 0 -0.000436386 0 0.000107505 0 0
5.525 0 0 0 0 0 0 0 -0.000802758 0 0.000197761 0 0
5.53 0 0 0 0 0 0 0 -0.00119303 0 0.000293905 0 0
5.535 0 0 0 0 0 0 0 -0.00160234 0 0.00039474 0 0
5.54 0 0 0 0 0 0 0 -0.00202578 0 0.000499056 0 0
5.545 0 0 0 0 0 0 0 -0.00245836 0 0.000605624 0 0
5.55 0 0 0 0 0 0 0 -0.00289499 0 0.000713188 0 0
5.555 0 0 0 0 0 0 0 -0.00332995 0 0.00082034 0 0
5.56 0 0 0 0 0 0 0 -0.00375638 0 0.000925391 0 0
5.565 0 0 0 0 0 0 0 -0.00416782 0 0.00102675 0 0
5.57 0 0 0 0 0 0 0 -0.0045598 0 0.00112332 0 0
5.575 0 0 0 0 0 0 0 -0.00492917 0 0.00121431 0 0
5.58 0 0 0 0 0 0 0 -0.00527354 0 0.00129915 0 0
5.585 0 0 0 0 0 0 0 -0.00559123 0 0.00137741 0 0
5.59 0 0 0 0 0 0 0 -0.0058812 0 0.00144885 0 0
5.595 0 0 0 0 0 0 0 -0.00614344 0 0.00151345 0 0
5.6 0 0 0 0 0 0 0 -0.00637928 0 0.00157155 0 0
5.605 0 0 0 0 0 0 0 -0.00659034 0 0.00162355 0 0
5.61 0 0 0 0 0 0 0 -0.00677754 0 0.00166966 0 0
5.615 0 0 0 0 0 0 0 -0.00694141 0 0.00171003 0 0
5.62 0 0 0 0 0 0 0 -0.00708247 0 0.00174478 0 0
5.625 0 0 0 0 0 0 0 -0.00720119 0 0.00177403 0 0
5.63 0 0 0 0 0 0 0 -0.007298 0 0.00179788 0 0
5.635 0 0 0 0 0 0 0 -0.00737315 0 0.00181639 0 0
5.64 0 0 0 0 0 0 0 -0.0074266 0 0.00182956 0 0
5.645 0 0 0 0 0 0 0 -0.00745789 0 0.00183727 0 0
5.65 0 0 0 0 0 0 0 -0.00746605 0 0.00183928 0 0
5.655 0 0 0 0 0 0 0 -0.00744971 0 0.00183525 0 0
5.66 0 0 0 0 0 0 0 -0.00740722 0 0.00182478 0 0
5.665 0 0 0 0 0 0 0 -0.00733669 0 0.00180741 0 0
5.67 0 0 0 0 0 0 0 -0.00723603 0 0.00178261 0 0
5.675 0 0 0 0 0 0 0 -0.00710207 0 0.00174961 0 0
5.68 0 0 0 0 0 0 0 -0.0069297 0 0.00170715 0 0
5.685 0 0 0 0 0 0 0 -0.00671372 0 0.00165394 0 0
5.69 0 0 0 0 0 0 0 -0.00645076 0 0.00158916 0 0
5.695 0 0 0 0 0 0 0 -0.00613842 0 0.00151221 0 0
5.7 0 0 0 0 0 0 0 -0.00577449 0 0.00142256 0 0
5.705 0 0 0 0 0 0 0 -0.005357 0 0.00131971 0 0
5.71 0 0 0 0 0 0 0 -0.00488418 0 0.00120323 0 0
5.715 0 0 0 0 0 0 0 -0.00435346 0 0.00107248 0 0
5.72 0 0 0 0 0 0 0 -0.00376036 0 0.000926372 0 0
5.725 0 0 0 0 0 0 0 -0.00310072 0 0.000763868 0 0
5.73 0 0 0 0 0 0 0 -0.00237292 0 0.000584574 0 0
5.735 0 0 0 0 0 0 0 -0.00157685 0 0.000388462 0 0
5.74 0 0 0 0 0 0 0 -0.000712859 0 0.000175614 0 0
5.745 0 0 0 0 0 0 0 0.000218217 0 -5.37583e-05 0 0
5.75 0 0 0 0 0 0 0 0.00121497 0 -0.000299311 0 0
5.755 0 0 0 0 0 0 0 0.00227582 0 -0.000560653 0 0
5.76 0 0 0 0 0 0 0 0.00339933 0 -0.000837432 0 0
5.765 0 0 0 0 0 0 0 0.00458275 0 -0.00112897 0 0
5.77 0 0 0 0 0 0 0 0.00582055 0 -0.00143391 0 0
5.775 0 0 0 0 0 0 0 0.00710514 0 -0.00175037 0 0
5.78 0 0 0 0 0 0 0 0.00842761 0 -0.00207616 0 0
5.785 0 0 0 0 0 0 0 0.00977787 0 -0.0024088 0 0
5.79 0 0 0 0 0 0 0 0.0111447 0 -0.00274553 0 0
5.795 0 0 0 0 0 0 0 0.0125142 0 -0.0030829 0 0
5.8 0 0 0 0 0 0 0 0.0138676 0 -0.00341632 0 0
5.805 0 0 0 0 0 0 0 0.0151854 0 -0.00374096 0 0
5.81 0 0 0 0 0 0 0 0.0164503 0 -0.00405257 0 0
5.815 0 0 0 0 0 0 0 0.0176463 0 -0.00434722 0 0
5.82 0 0 0 0 0 0 0 0.0187572 0 -0.00462087 0 0
5.825 0 0 0 0 0 0 0 0.0197665 0 -0.00486951 0 0
5.83 0 0 0 0 0 0 0 0.0206581 0 -0.00508916 0 0
5.835 0 0 0 0 0 0 0 0.0214143 0 -0.00527545 0 0
5.84 0 0 0 0 0 0 0 0.0220143 0 -0.00542327 0 0
5.845 0 0 0 0 0 0 0 0.0224401 0 -0.00552817 0 0
5.85 0 0 0 0 0 0 0 0.0226824 0 -0.00558786 0 0
5.855 0 0 0 0 0 0 0 0.0227382 0 -0.0056016 0 0
5.86 0 0 0 0 0 0 0 0.0226081 0 -0.00556956 0 0
5.865 0 0 0 0 0 0 0 0.0222966 0 -0.00549281 0 0
5.87 0 0 0 0 0 0 0 0.0218111 0 -0.00537321 0 0
5.875 0 0 0 0 0 0 0 0.0211647 0 -0.00521397 0 0
5.88 0 0 0 0 0 0 0 0.0203776 0 -0.00502007 0 0
5.885 0 0 0 0 0 0 0 0.0194715 0 -0.00479685 0 0
5.89 0 0 0 0 0 0 0 0.0184637 0 -0.00454858 0 0
5.895 0 0 0 0 0 0 0 0.0173692 0 -0.00427894 0 0
5.9 0 0 0 0 0 0 0 0.0162029 0 -0.00399162 0 0
5.905 0 0 0 0 0 0 0 0.0149797 0 -0.00369029 0 0
5.91 0 0 0 0 0 0 0 0.0137145 0 -0.00337859 0 0
5.915 0 0 0 0 0 0 0 0.0124241 0 -0.00306071 0 0
5.92 0 0 0 0 0 0 0 0.0111296 0 -0.0027418 0 0
5.925 0 0 0 0 0 0 0 0.00985181 0 -0.00242701 0 0
5.93 0 0 0 0 0 0 0 0.00860709 0 -0.00212038 0 0
5.935 0 0 0 0 0 0 0 0.00740889 0 -0.0018252 0 0
5.94 0 0 0 0 0 0 0 0.00626922 0 -0.00154444 0 0
5.945 0 0 0 0 0 0 0 0.0051984 0 -0.00128064 0 0
5.95 0 0 0 0 0 0 0 0.00420473 0 -0.00103584 0 0
5.955 0 0 0 0 0 0 0 0.00329323 0 -0.000811294 0 0
5.96 0 0 0 0 0 0 0 0.0024645 0 -0.000607136 0 0
5.965 0 0 0 0 0 0 0 0.00171668 0 -0.000422908 0 0
5.97 0 0 0 0 0 0 0 0.0010474 0 -0.000258029 0 0
5.975 0 0 0 0 0 0 0 0.000453618 0 -0.00011175 0 0
5.98 0 0 0 0 0 0 0 -6.85906e-05 0 1.68974e-05 0 0
5.985 0 0 0 0 0 0 0 -0.00052396 0 0.000129079 0 0
5.99 0 0 0 0 0 0 0 -0.000917943 0 0.000226137 0 0
5.995 0 0 0 0 0 0 0 -0.00125942 0 0.000310262 0 0
6 0 0 0 0 0 0 0 -0.0015634 0 0.000385147 0 0
6.005 0 0 0 0 0 0 0 -0.00184606 0 0.000454782 0 0
6.01 0 0 0 0 0 0 0 -0.00211992 0 0.000522246 0 0
6.015 0 0 0 0 0 0 0 -0.00239563 0 0.000590168 0 0
6.02 0 0 0 0 0 0 0 -0.00268392 0 0.000661189 0 0
6.025 0 0 0 0 0 0 0 -0.0029949 0 0.000737801 0 0
6.03 0 0 0 0 0 0 0 -0.00333749 0 0.000822197 0 0
6.035 0 0 0 0 0 0 0 -0.00371859 0 0.000916082 0 0
6.04 0 0 0 0 0 0 0 -0.00414244 0 0.0010205 0 0
6.045 0 0 0 0 0 0 0 -0.00460914 0 0.00113547 0 0
6.05 0 0 0 0 0 0 0 -0.00511328 0 0.00125967 0 0
6.055 0 0 0 0 0 0 0 -0.00564579 0 0.00139085 0 0
6.06 0 0 0 0 0 0 0 -0.00619581 0 0.00152635 0 0
6.065 0 0 0 0 0 0 0 -0.00675129 0 0.0016632 0 0
6.07 0 0 0 0 0 0 0 -0.00729947 0 0.00179824 0 0
6.075 0 0 0 0 0 0 0 -0.00782492 0 0.00192769 0 0
6.08 0 0 0 0 0 0 0 -0.00830765 0 0.00204661 0 0
6.085 0 0 0 0 0 0 0 -0.00872821 0 0.00215021 0 0
6.09 0 0 0 0 0 0 0 -0.00907288 0 0.00223512 0 0
6.095 0 0 0 0 0 0 0 -0.00933119 0 0.00229876 0 0
6.1 0 0 0 0 0 0 0 -0.00949345 0 0.00233873 0 0
6.105 0 0 0 0 0 0 0 -0.00955083 0 0.00235287 0 0
6.11 0 0 0 0 0 0 0 -0.00949547 0 0.00233923 0 0
6.115 0 0 0 0 0 0 0 -0.00931938 0 0.00229585 0 0
6.12 0 0 0 0 0 0 0 -0.00901339 0 0.00222047 0 0
6.125 0 0 0 0 0 0 0 -0.00857024 0 0.0021113 0 0
6.13 0 0 0 0 0 0 0 -0.0079877 0 0.00196779 0 0
6.135 0 0 0 0 0 0 0 -0.0072669 0 0.00179022 0 0
6.14 0 0 0 0 0 0 0 -0.00641076 0 0.0015793 0 0
6.145 0 0 0 0 0 0 0 -0.00542397 0 0.00133621 0 0
6.15 0 0 0 0 0 0 0 -0.00431302 0 0.00106252 0 0
6.155 0 0 0 0 0 0 0 -0.00308726 0 0.000760554 0 0
6.16 0 0 0 0 0 0 0 -0.00175996 0 0.000433569 0 0
6.165 0 0 0 0 0 0 0 -0.000345965 0 8.52291e-05 0 0
6.17 0 0 0 0 0 0 0 0.00114061 0 -0.000280992 0 0
6.175 0 0 0 0 0 0 0 0.00268588 0 -0.000661671 0 0
6.18 0 0 0 0 0 0 0 0.0042756 0 -0.0010533 0 0
6.185 0 0 0 0 0 0 0 0.00589544 0 -0.00145235 0 0
6.19 0 0 0 0 0 0 0 0.00753108 0 -0.0018553 0 0
6.195 0 0 0 0 0 0 0 0.00916711 0 -0.00225834 0 0
6.2 0 0 0 0 0 0 0 0.0107858 0 -0.0026571 0 0
6.205 0 0 0 0 0 0 0 0.0123692 0 -0.00304718 0 0
6.21 0 0 0 0 0 0 0 0.0139019 0 -0.00342476 0 0
6.215 0 0 0 0 0 0 0 0.0153692 0 -0.00378625 0 0
6.22 0 0 0 0 0 0 0 0.0167567 0 -0.00412805 0 0
6.225 0 0 0 0 0 0 0 0.0180499 0 -0.00444663 0 0
6.23 0 0 0 0 0 0 0 0.019235 0 -0.00473858 0 0
6.235 0 0 0 0 0 0 0 0.020298 0 -0.00500045 0 0
6.24 0 0 0 0 0 0 0 0.0212244 0 -0.00522867 0 0
6.245 0 0 0 0 0 0 0 0.0220017 0 -0.00542018 0 0
6.25 0 0 0 0 0 0 0 0.0226227 0 -0.00557316 0 0
6.255 0 0 0 0 0 0 0 0.0230833 0 -0.00568662 0 0
6.26 0 0 0 0 0 0 0 0.0233811 0 -0.00575999 0 0
6.265 0 0 0 0 0 0 0 0.0235155 0 -0.0057931 0 0
6.27 0 0 0 0 0 0 0 0.0234872 0 -0.00578614 0 0
6.275 0 0 0 0 0 0 0 0.0232989 0 -0.00573974 0 0
6.28 0 0 0 0 0 0 0 0.0229556 0 -0.00565517 0 0
6.285 0 0 0 0 0 0 0 0.0224639 0 -0.00553403 0 0
6.29 0 0 0 0 0 0 0 0.0218306 0 -0.00537802 0 0
6.295 0 0 0 0 0 0 0 0.0210634 0 -0.005189 0 0
6.3 0 0 0 0 0 0 0 0.0201709 0 -0.00496916 0 0
6.305 0 0 0 0 0 0 0 0.0191634 0 -0.00472094 0 0
6.31 0 0 0 0 0 0 0 0.0180516 0 -0.00444706 0 0
6.315 0 0 0 0 0 0 0 0.0168489 0 -0.00415076 0 0
6.32 0 0 0 0 0 0 0 0.0155713 0 -0.00383603 0 0
6.325 0 0 0 0 0 0 0 0.014235 0 -0.00350682 0 0
6.33 0 0 0 0 0 0 0 0.0128526 0 -0.00316626 0 0
6.335 0 0 0 0 0 0 0 0.0114347 0 -0.00281696 0 0
6.34 0 0 0 0 0 0 0 0.00999087 0 -0.00246127 0 0
6.345 0 0 0 0 0 0 0 0.00852994 0 -0.00210137 0 0
6.35 0 0 0 0 0 0 0 0.0070597 0 -0.00173917 0 0
6.355 0 0 0 0 0 0 0 0.00558652 0 -0.00137625 0 0
6.36 0 0 0 0 0 0 0 0.0041148 0 -0.00101369 0 0
6.365 0 0 0 0 0 0 0 0.00264836 0 -0.000652429 0 0
6.37 0 0 0 0 0 0 0 0.00119185 0 -0.000293614 0 0
6.375 0 0 0 0 0 0 0 -0.000249709 0 6.15165e-05 0 0
6.38 0 0 0 0 0 0 0 -0.00167137 0 0.000411747 0 0
6.385 0 0 0 0 0 0 0 -0.00306833 0 0.00075589 0 0
6.39 0 0 0 0 0 0 0 -0.0044359 0 0.00109279 0 0
6.395 0 0 0 0 0 0 0 -0.00577039 0 0.00142155 0 0
6.4 0 0 0 0 0 0 0 -0.00706994 0 0.00174169 0 0
6.405 0 0 0 0 0 0 0 -0.00833292 0 0.00205283 0 0
6.41 0 0 0 0 0 0 0 -0.00955642 0 0.00235424 0 0
6.415 0 0 0 0 0 0 0 -0.0107368 0 0.00264504 0 0
6.42 0 0 0 0 0 0 0 -0.0118705 0 0.00292431 0 0
6.425 0 0 0 0 0 0 0 -0.0129533 0 0.00319108 0 0
6.43 0 0 0 0 0 0 0 -0.0139809 0 0.00344422 0 0
6.435 0 0 0 0 0 0 0 -0.0149466 0 0.00368213 0 0
6.44 0 0 0 0 0 0 0 -0.0158407 0 0.0039024 0 0
6.445 0 0 0 0 0 0 0 -0.0166518 0 0.00410221 0 0
6.45 0 0 0 0 0 0 0 -0.0173688 0 0.00427885 0 0
6.455 0 0 0 0 0 0 0 -0.0179809 0 0.00442964 0 0
6.46 0 0 0 0 0 0 0 -0.0184776 0 0.004552 0 0
6.465 0 0 0 0 0 0 0 -0.0188493 0 0.00464356 0 0
6.47 0 0 0 0 0 0 0 -0.0190877 0 0.00470229 0 0
6.475 0 0 0 0 0 0 0 -0.0191863 0 0.0047266 0 0
6.48 0 0 0 0 0 0 0 -0.0191412 0 0.00471547 0 0
6.485 0 0 0 0 0 0 0 -0.018951 0 0.00466863 0 0
6.49 0 0 0 0 0 0 0 -0.0186184 0 0.00458669 0 0
6.495 0 0 0 0 0 0 0 -0.0181485 0 0.00447093 0 0
6.5 0 0 0 0 0 0 0 -0.0175477 0 0.00432291 0 0
6.505 0 0 0 0 0 0 0 -0.0168234 0 0.00414447 0 0
6.51 0 0 0 0 0 0 0 -0.0159834 0 0.00393755 0 0
6.515 0 0 0 0 0 0 0 -0.0150361 0 0.00370417 0 0
6.52 0 0 0 0 0 0 0 -0.0139898 0 0.00344641 0 0
6.525 0 0 0 0 0 0 0 -0.0128523 0 0.0031662 0 0
6.53 0 0 0 0 0 0 0 -0.0116302 0 0.00286512 0 0
6.535 0 0 0 0 0 0 0 -0.0103289 0 0.00254454 0 0
6.54 0 0 0 0 0 0 0 -0.00895407 0 0.00220585 0 0
6.545 0 0 0 0 0 0 0 -0.00751148 0 0.00185047 0 0
6.55 0 0 0 0 0 0 0 -0.00600695 0 0.00147983 0 0
6.555 0 0 0 0 0 0 0 -0.00444602 0 0.00109529 0 0
6.56 0 0 0 0 0 0 0 -0.00283336 0 0.000698004 0 0
6.565 0 0 0 0 0 0 0 -0.00117383 0 0.000289175 0 0
6.57 0 0 0 0 0 0 0 0.000526455 0 -0.000129693 0 0
6.575 0 0 0 0 0 0 0 0.00226082 0 -0.000556958 0 0
6.58 0 0 0 0 0 0 0 0.00402274 0 -0.000991011 0 0
6.585 0 0 0 0 0 0 0 0.00580578 0 -0.00143027 0 0
6.59 0 0 0 0 0 0 0 0.00760361 0 -0.00187317 0 0
6.595 0 0 0 0 0 0 0 0.00941013 0 -0.00231821 0 0
6.6 0 0 0 0 0 0 0 0.0112196 0 -0.00276397 0 0
6.605 0 0 0 0 0 0 0 0.0130251 0 -0.00320875 0 0
6.61 0 0 0 0 0 0 0 0.0148167 0 -0.00365012 0 0
6.615 0 0 0 0 0 0 0 0.0165824 0 -0.00408511 0 0
6.62 0 0 0 0 0 0 0 0.018309 0 -0.00451045 0 0
6.625 0 0 0 0 0 0 0 0.0199818 0 -0.00492255 0 0
6.63 0 0 0 0 0 0 0 0.0215853 0 -0.00531759 0 0
6.635 0 0 0 0 0 0 0 0.0231011 0 -0.005691 0 0
6.64 0 0 0 0 0 0 0 0.0245056 0 -0.00603701 0 0
6.645 0 0 0 0 0 0 0 0.0257759 0 -0.00634995 0 0
6.65 0 0 0 0 0 0 0 0.0268949 0 -0.00662561 0 0
6.655 0 0 0 0 0 0 0 0.0278492 0 -0.0068607 0 0
6.66 0 0 0 0 0 0 0 0.0286275 0 -0.00705246 0 0
6.665 0 0 0 0 0 0 0 0.0292209 0 -0.00719864 0 0
6.67 0 0 0 0 0 0 0 0.0296224 0 -0.00729753 0 0
6.675 0 0 0 0 0 0 0 0.0298273 0 -0.00734802 0 0
6.68 0 0 0 0 0 0 0 0.0298335 0 -0.00734954 0 0
6.685 0 0 0 0 0 0 0 0.029641 0 -0.00730213 0 0
6.69 0 0 0 0 0 0 0 0.0292524 0 -0.00720639 0 0
6.695 0 0 0 0 0 0 0 0.028672 0 -0.00706341 0 0
6.7 0 0 0 0 0 0 0 0.0279056 0 -0.0068746 0 0
6.705 0 0 0 0 0 0 0 0.0269604 0 -0.00664176 0 0
6.71 0 0 0 0 0 0 0 0.0258449 0 -0.00636695 0 0
6.715 0 0 0 0 0 0 0 0.0245698 0 -0.00605282 0 0
6.72 0 0 0 0 0 0 0 0.023149 0 -0.0057028 0 0
6.725 0 0 0 0 0 0 0 0.0215972 0 -0.00532052 0 0
6.73 0 0 0 0 0 0 0 0.0199282 0 -0.00490934 0 0
6.735 0 0 0 0 0 0 0 0.0181549 0 -0.00447249 0 0
6.74 0 0 0 0 0 0 0 0.0162906 0 -0.00401323 0 0
6.745 0 0 0 0 0 0 0 0.0143487 0 -0.00353483 0 0
6.75 0 0 0 0 0 0 0 0.0123422 0 -0.00304053 0 0
6.755 0 0 0 0 0 0 0 0.0102843 0 -0.00253356 0 0
6.76 0 0 0 0 0 0 0 0.00818823 0 -0.00201719 0 0
6.765 0 0 0 0 0 0 0 0.00606718 0 -0.00149466 0 0
6.77 0 0 0 0 0 0 0 0.00393402 0 -0.000969156 0 0
6.775 0 0 0 0 0 0 0 0.00180165 0 -0.000443841 0 0
6.78 0 0 0 0 0 0 0 -0.000316704 0 7.80208e-05 0 0
6.785 0 0 0 0 0 0 0 -0.00240764 0 0.000593129 0 0
6.79 0 0 0 0 0 0 0 -0.00445778 0 0.00109818 0 0
6.795 0 0 0 0 0 0 0 -0.006454 0 0.00158996 0 0
6.8 0 0 0 0 0 0 0 -0.00838375 0 0.00206535 0 0
6.805 0 0 0 0 0 0 0 -0.0102358 0 0.00252162 0 0
6.81 0 0 0 0 0 0 0 -0.0120012 0 0.00295653 0 0
6.815 0 0 0 0 0 0 0 -0.0136728 0 0.00336832 0 0
6.82 0 0 0 0 0 0 0 -0.0152446 0 0.00375554 0 0
6.825 0 0 0 0 0 0 0 -0.0167121 0 0.00411706 0 0
6.83 0 0 0 0 0 0 0 -0.0180717 0 0.004452 0 0
6.835 0 0 0 0 0 0 0 -0.0193215 0 0.00475991 0 0
6.84 0 0 0 0 0 0 0 -0.0204618 0 0.00504082 0 0
6.845 0 0 0 0 0 0 0 -0.0214928 0 0.00529481 0 0
6.85 0 0 0 0 0 0 0 -0.0224126 0 0.0055214 0 0
6.855 0 0 0 0 0 0 0 -0.0232183 0 0.00571989 0 0
6.86 0 0 0 0 0 0 0 -0.0239071 0 0.00588958 0 0
6.865 0 0 0 0 0 0 0 -0.0244766 0 0.00602987 0 0
6.87 0 0 0 0 0 0 0 -0.0249249 0 0.0061403 0 0
6.875 0 0 0 0 0 0 0 -0.0252513 0 0.00622071 0 0
6.88 0 0 0 0 0 0 0 -0.025457 0 0.0062714 0 0
6.885 0 0 0 0 0 0 0 -0.0255445 0 0.00629295 0 0
6.89 0 0 0 0 0 0 0 -0.0255166 0 0.00628606 0 0
6.895 0 0 0 0 0 0 0 -0.0253765 0 0.00625156 0 0
6.9 0 0 0 0 0 0 0 -0.0251286 0 0.00619048 0 0
6.905 0 0 0 0 0 0 0 -0.0247773 0 0.00610394 0 0
6.91 0 0 0 0 0 0 0 -0.0243276 0 0.00599315 0 0
6.915 0 0 0 0 0 0 0 -0.0237845 0 0.00585936 0 0
6.92 0 0 0 0 0 0 0 -0.0231532 0 0.00570384 0 0
6.925 0 0 0 0 0 0 0 -0.0224385 0 0.00552777 0 0
6.93 0 0 0 0 0 0 0 -0.0216445 0 0.00533216 0 0
6.935 0 0 0 0 0 0 0 -0.0207748 0 0.00511793 0 0
6.94 0 0 0 0 0 0 0 -0.0198335 0 0.00488602 0 0
6.945 0 0 0 0 0 0 0 -0.0188245 0 0.00463747 0 0
6.95 0 0 0 0 0 0 0 -0.0177526 0 0.00437339 0 0
6.955 0 0 0 0 0 0 0 -0.0166223 0 0.00409493 0 0
6.96 0 0 0 0 0 0 0 -0.0154382 0 0.00380325 0 0
6.965 0 0 0 0 0 0 0 -0.0142055 0 0.00349956 0 0
6.97 0 0 0 0 0 0 0 -0.0129297 0 0.00318526 0 0
6.975 0 0 0 0 0 0 0 -0.0116169 0 0.00286185 0 0
6.98 0 0 0 0 0 0 0 -0.0102732 0 0.00253082 0 0
6.985 0 0 0 0 0 0 0 -0.00890459 0 0.00219367 0 0
6.99 0 0 0 0 0 0 0 -0.00751722 0 0.00185188 0 0
6.995 0 0 0 0 0 0 0 -0.00611673 0 0.00150687 0 0
7 0 0 0 0 0 0 0 -0.00470806 0 0.00115984 0 0
7.005 0 0 0 0 0 0 0 -0.00329646 0 0.000812091 0 0
7.01 0 0 0 0 0 0 0 -0.00188846 0 0.000465227 0 0
7.015 0 0 0 0 0 0 0 -0.000491372 0 0.00012105 0 0
7.02 0 0 0 0 0 0 0 0.000887173 0 -0.000218557 0 0
7.025 0 0 0 0 0 0 0 0.0022393 0 -0.000551656 0 0
7.03 0 0 0 0 0 0 0 0.00355696 0 -0.000876264 0 0
7.035 0 0 0 0 0 0 0 0.00483181 0 -0.00119033 0 0
7.04 0 0 0 0 0 0 0 0.0060551 0 -0.00149169 0 0
7.045 0 0 0 0 0 0 0 0.00721846 0 -0.00177828 0 0
7.05 0 0 0 0 0 0 0 0.00831478 0 -0.00204837 0 0
7.055 0 0 0 0 0 0 0 0.00933796 0 -0.00230043 0 0
7.06 0 0 0 0 0 0 0 0.0102826 0 -0.00253314 0 0
7.065 0 0 0 0 0 0 0 0.011144 0 -0.00274536 0 0
7.07 0 0 0 0 0 0 0 0.0119183 0 -0.00293609 0 0
7.075 0 0 0 0 0 0 0 0.0126022 0 -0.00310457 0 0
7.08 0 0 0 0 0 0 0 0.0131937 0 -0.00325029 0 0
7.085 0 0 0 0 0 0 0 0.013691 0 -0.0033728 0 0
7.09 0 0 0 0 0 0 0 0.0140919 0 -0.00347158 0 0
7.095 0 0 0 0 0 0 0 0.0143942 0 -0.00354605 0 0
7.1 0 0 0 0 0 0 0 0.0145953 0 -0.00359558 0 0
7.105 0 0 0 0 0 0 0 0.0146924 0 -0.00361951 0 0
7.11 0 0 0 0 0 0 0 0.0146829 0 -0.00361715 0 0
7.115 0 0 0 0 0 0 0 0.0145635 0 -0.00358774 0 0
7.12 0 0 0 0 0 0 0 0.0143303 0 -0.00353031 0 0
7.125 0 0 0 0 0 0 0 0.0139808 0 -0.00344419 0 0
7.13 0 0 0 0 0 0 0 0.0135153 0 -0.00332951 0 0
7.135 0 0 0 0 0 0 0 0.0129368 0 -0.003187 0 0
7.14 0 0 0 0 0 0 0 0.0122499 0 -0.00301778 0 0
7.145 0 0 0 0 0 0 0 0.0114608 0 -0.00282338 0 0
7.15 0 0 0 0 0 0 0 0.0105772 0 -0.00260573 0 0
7.155 0 0 0 0 0 0 0 0.00961015 0 -0.00236748 0 0
7.16 0 0 0 0 0 0 0 0.00857492 0 -0.00211245 0 0
7.165 0 0 0 0 0 0 0 0.00748795 0 -0.00184467 0 0
7.17 0 0 0 0 0 0 0 0.00636304 0 -0.00156755 0 0
7.175 0 0 0 0 0 0 0 0.00521234 0 -0.00128407 0 0
7.18 0 0 0 0 0 0 0 0.00404733 0 -0.000997068 0 0
7.185 0 0 0 0 0 0 0 0.00287845 0 -0.000709112 0 0
7.19 0 0 0 0 0 0 0 0.00171483 0 -0.000422452 0 0
7.195 0 0 0 0 0 0 0 0.000563688 0 -0.000138866 0 0
7.2 0 0 0 0 0 0 0 -0.00057029 0 0.000140492 0 0
7.205 0 0 0 0 0 0 0 -0.00168367 0 0.000414776 0 0
7.21 0 0 0 0 0 0 0 -0.00277299 0 0.000683133 0 0
7.215 0 0 0 0 0 0 0 -0.00383459 0 0.000944659 0 0
7.22 0 0 0 0 0 0 0 -0.00486437 0 0.00119835 0 0
7.225 0 0 0 0 0 0 0 -0.00585768 0 0.00144305 0 0
7.23 0 0 0 0 0 0 0 -0.00680904 0 0.00167742 0 0
7.235 0 0 0 0 0 0 0 -0.00771144 0 0.00189973 0 0
7.24 0 0 0 0 0 0 0 -0.00855542 0 0.00210765 0 0
7.245 0 0 0 0 0 0 0 -0.00933116 0 0.00229875 0 0
7.25 0 0 0 0 0 0 0 -0.0100304 0 0.00247102 0 0
7.255 0 0 0 0 0 0 0 -0.0106462 0 0.0026227 0 0
7.26 0 0 0 0 0 0 0 -0.0111721 0 0.00275228 0 0
7.265 0 0 0 0 0 0 0 -0.0116031 0 0.00285845 0 0
7.27 0 0 0 0 0 0 0 -0.0119348 0 0.00294017 0 0
7.275 0 0 0 0 0 0 0 -0.0121646 0 0.00299676 0 0
7.28 0 0 0 0 0 0 0 -0.0122911 0 0.00302795 0 0
7.285 0 0 0 0 0 0 0 -0.012315 0 0.00303382 0 0
7.29 0 0 0 0 0 0 0 -0.0122378 0 0.00301481 0 0
7.295 0 0 0 0 0 0 0 -0.0120626 0 0.00297165 0 0
7.3 0 0 0 0 0 0 0 -0.0117934 0 0.00290533 0 0
7.305 0 0 0 0 0 0 0 -0.0114351 0 0.00281707 0 0
7.31 0 0 0 0 0 0 0 -0.0109937 0 0.00270833 0 0
7.315 0 0 0 0 0 0 0 -0.0104774 0 0.00258113 0 0
7.32 0 0 0 0 0 0 0 -0.00989776 0 0.00243833 0 0
7.325 0 0 0 0 0 0 0 -0.00926676 0 0.00228289 0 0
7.33 0 0 0 0 0 0 0 -0.00859353 0 0.00211704 0 0
7.335 0 0 0 0 0 0 0 -0.00788522 0 0.00194254 0 0
7.34 0 0 0 0 0 0 0 -0.00714791 0 0.0017609 0 0
7.345 0 0 0 0 0 0 0 -0.00638638 0 0.0015733 0 0
7.35 0 0 0 0 0 0 0 -0.00560402 0 0.00138056 0 0
7.355 0 0 0 0 0 0 0 -0.00480149 0 0.00118286 0 0
7.36 0 0 0 0 0 0 0 -0.00397543 0 0.000979355 0 0
7.365 0 0 0 0 0 0 0 -0.00312158 0 0.000769008 0 0
7.37 0 0 0 0 0 0 0 -0.00223792 0 0.000551317 0 0
7.375 0 0 0 0 0 0 0 -0.00132379 0 0.000326118 0 0
7.38 0 0 0 0 0 0 0 -0.000378986 0 9.3364e-05 0 0
7.385 0 0 0 0 0 0 0 0.0005961 0 -0.000146851 0 0
7.39 0 0 0 0 0 0 0 0.00160046 0 -0.000394277 0 0
7.395 0 0 0 0 0 0 0 0.00263321 0 -0.000648696 0 0
7.4 0 0 0 0 0 0 0 0.0036943 0 -0.000910099 0 0
7.405 0 0 0 0 0 0 0 0.00478306 0 -0.00117832 0 0
7.41 0 0 0 0 0 0 0 0.00589666 0 -0.00145265 0 0
7.415 0 0 0 0 0 0 0 0.00703088 0 -0.00173207 0 0
7.42 0 0 0 0 0 0 0 0.00818093 0 -0.00201539 0 0
7.425 0 0 0 0 0 0 0 0.00934138 0 -0.00230127 0 0
7.43 0 0 0 0 0 0 0 0.010506 0 -0.00258819 0 0
7.435 0 0 0 0 0 0 0 0.0116675 0 -0.00287431 0 0
7.44 0 0 0 0 0 0 0 0.0128164 0 -0.00315735 0 0
7.445 0 0 0 0 0 0 0 0.013943 0 -0.00343489 0 0
7.45 0 0 0 0 0 0 0 0.015038 0 -0.00370465 0 0
7.455 0 0 0 0 0 0 0 0.0160928 0 -0.00396449 0 0
7.46 0 0 0 0 0 0 0 0.0170988 0 -0.00421232 0 0
7.465 0 0 0 0 0 0 0 0.018048 0 -0.00444617 0 0
7.47 0 0 0 0 0 0 0 0.0189331 0 -0.0046642 0 0
7.475 0 0 0 0 0 0 0 0.019747 0 -0.0048647 0 0
7.48 0 0 0 0 0 0 0 0.0204834 0 -0.00504614 0 0
7.485 0 0 0 0 0 0 0 0.0211375 0 -0.00520727 0 0
7.49 0 0 0 0 0 0 0 0.0217062 0 -0.00534736 0 0
7.495 0 0 0 0 0 0 0 0.0221881 0 -0.00546609 0 0
7.5 0 0 0 0 0 0 0 0.022583 0 -0.00556338 0 0
7.505 0 0 0 0 0 0 0 0.0228916 0 -0.00563939 0 0
7.51 0 0 0 0 0 0 0 0.0231152 0 -0.00569448 0 0
7.515 0 0 0 0 0 0 0 0.0232557 0 -0.0057291 0 0
7.52 0 0 0 0 0 0 0 0.023315 0 -0.00574371 0 0
7.525 0 0 0 0 0 0 0 0.023294 0 -0.00573852 0 0
7.53 0 0 0 0 0 0 0 0.0231912 0 -0.00571321 0 0
7.535 0 0 0 0 0 0 0 0.023004 0 -0.00566709 0 0
7.54 0 0 0 0 0 0 0 0.0227288 0 -0.00559928 0 0
7.545 0 0 0 0 0 0 0 0.0223612 0 -0.00550874 0 0
7.55 0 0 0 0 0 0 0 0.021897 0 -0.00539437 0 0
7.555 0 0 0 0 0 0 0 0.0213301 0 -0.00525473 0 0
7.56 0 0 0 0 0 0 0 0.0206525 0 -0.00508779 0 0
7.565 0 0 0 0 0 0 0 0.0198571 0 -0.00489184 0 0
7.57 0 0 0 0 0 0 0 0.0189423 0 -0.00466648 0 0
7.575 0 0 0 0 0 0 0 0.0179099 0 -0.00441214 0 0
7.58 0 0 0 0 0 0 0 0.0167631 0 -0.00412963 0 0
7.585 0 0 0 0 0 0 0 0.0155067 0 -0.00382011 0 0
7.59 0 0 0 0 0 0 0 0.0141465 0 -0.00348503 0 0
7.595 0 0 0 0 0 0 0 0.0126898 0 -0.00312617 0 0
7.6 0 0 0 0 0 0 0 0.0111452 0 -0.00274564 0 0
7.605 0 0 0 0 0 0 0 0.00952216 0 -0.0023458 0 0
7.61 0 0 0 0 0 0 0 0.00783141 0 -0.00192928 0 0
7.615 0 0 0 0 0 0 0 0.00608442 0 -0.00149891 0 0
7.62 0 0 0 0 0 0 0 0.00429356 0 -0.00105773 0 0
7.625 0 0 0 0 0 0 0 0.00247199 0 -0.000608979 0 0
7.63 0 0 0 0 0 0 0 0.000633542 0 -0.000156075 0 0
7.635 0 0 0 0 0 0 0 -0.00120608 0 0.000297121 0 0
7.64 0 0 0 0 0 0 0 -0.0030282 0 0.000746003 0 0
7.645 0 0 0 0 0 0 0 -0.00481393 0 0.00118592 0 0
7.65 0 0 0 0 0 0 0 -0.00654706 0 0.00161288 0 0
7.655 0 0 0 0 0 0 0 -0.00821292 0 0.00202327 0 0
7.66 0 0 0 0 0 0 0 -0.00979729 0 0.00241358 0 0
7.665 0 0 0 0 0 0 0 -0.0112866 0 0.00278049 0 0
7.67 0 0 0 0 0 0 0 -0.0126682 0 0.00312084 0 0
7.675 0 0 0 0 0 0 0 -0.0139304 0 0.00343179 0 0
7.68 0 0 0 0 0 0 0 -0.0150628 0 0.00371076 0 0
7.685 0 0 0 0 0 0 0 -0.0160576 0 0.00395582 0 0
7.69 0 0 0 0 0 0 0 -0.0169109 0 0.00416605 0 0
7.695 0 0 0 0 0 0 0 -0.0176222 0 0.00434127 0 0
7.7 0 0 0 0 0 0 0 -0.0181931 0 0.00448192 0 0
7.705 0 0 0 0 0 0 0 -0.0186276 0 0.00458894 0 0
7.71 0 0 0 0 0 0 0 -0.0189313 0 0.00466377 0 0
7.715 0 0 0 0 0 0 0 -0.0191148 0 0.00470896 0 0
7.72 0 0 0 0 0 0 0 -0.0191952 0 0.00472877 0 0
7.725 0 0 0 0 0 0 0 -0.019191 0 0.00472774 0 0
7.73 0 0 0 0 0 0 0 -0.0191158 0 0.00470923 0 0
7.735 0 0 0 0 0 0 0 -0.0189808 0 0.00467597 0 0
7.74 0 0 0 0 0 0 0 -0.0187967 0 0.0046306 0 0
7.745 0 0 0 0 0 0 0 -0.0185733 0 0.00457556 0 0
7.75 0 0 0 0 0 0 0 -0.0183195 0 0.00451306 0 0
7.755 0 0 0 0 0 0 0 -0.0180431 0 0.00444496 0 0
7.76 0 0 0 0 0 0 0 -0.0177502 0 0.00437279 0 0
7.765 0 0 0 0 0 0 0 -0.0174448 0 0.00429756 0 0
7.77 0 0 0 0 0 0 0 -0.0171279 0 0.0042195 0 0
7.775 0 0 0 0 0 0 0 -0.0167989 0 0.00413844 0 0
7.78 0 0 0 0 0 0 0 -0.0164566 0 0.00405412 0 0
7.785 0 0 0 0 0 0 0 -0.0160997 0 0.0039662 0 0
7.79 0 0 0 0 0 0 0 -0.0157274 0 0.00387447 0 0
7.795 0 0 0 0 0 0 0 -0.0153392 0 0.00377885 0 0
7.8 0 0 0 0 0 0 0 -0.014936 0 0.00367951 0 0
7.805 0 0 0 0 0 0 0 -0.0145194 0 0.00357688 0 0
7.81 0 0 0 0 0 0 0 -0.0140924 0 0.0034717 0 0
7.815 0 0 0 0 0 0 0 -0.0136585 0 0.0033648 0 0
7.82 0 0 0 0 0 0 0 -0.0132206 0 0.00325693 0 0
7.825 0 0 0 0 0 0 0 -0.012781 0 0.00314863 0 0
7.83 0 0 0 0 0 0 0 -0.0123405 0 0.00304011 0 0
7.835 0 0 0 0 0 0 0 -0.0118957 0 0.00293052 0 0
7.84 0 0 0 0 0 0 0 -0.011436 0 0.00281729 0 0
7.845 0 0 0 0 0 0 0 -0.0109487 0 0.00269724 0 0
7.85 0 0 0 0 0 0 0 -0.0104227 0 0.00256766 0 0
7.855 0 0 0 0 0 0 0 -0.00984811 0 0.0024261 0 0
7.86 0 0 0 0 0 0 0 -0.00921486 0 0.0022701 0 0
7.865 0 0 0 0 0 0 0 -0.00851334 0 0.00209728 0 0
7.87 0 0 0 0 0 0 0 -0.00773489 0 0.00190551 0 0
7.875 0 0 0 0 0 0 0 -0.0068704 0 0.00169254 0 0
7.88 0 0 0 0 0 0 0 -0.00590895 0 0.00145568 0 0
7.885 0 0 0 0 0 0 0 -0.00484227 0 0.0011929 0 0
7.89 0 0 0 0 0 0 0 -0.00366917 0 0.000903907 0 0
7.895 0 0 0 0 0 0 0 -0.00239296 0 0.00058951 0 0
7.9 0 0 0 0 0 0 0 -0.00101889 0 0.000251005 0 0
7.905 0 0 0 0 0 0 0 0.000446001 0 -0.000109873 0 0
7.91 0 0 0 0 0 0 0 0.00199303 0 -0.000490987 0 0
7.915 0 0 0 0 0 0 0 0.00361085 0 -0.000889542 0 0
7.92 0 0 0 0 0 0 0 0.00528449 0 -0.00130184 0 0
7.925 0 0 0 0 0 0 0 0.00699734 0 -0.00172381 0 0
7.93 0 0 0 0 0 0 0 0.0087333 0 -0.00215147 0 0
7.935 0 0 0 0 0 0 0 0.0104761 0 -0.00258081 0 0
7.94 0 0 0 0 0 0 0 0.0122087 0 -0.00300763 0 0
7.945 0 0 0 0 0 0 0 0.0139133 0 -0.00342757 0 0
7.95 0 0 0 0 0 0 0 0.0155718 0 -0.00383616 0 0
7.955 0 0 0 0 0 0 0 0.0171636 0 -0.00422828 0 0
7.96 0 0 0 0 0 0 0 0.0186629 0 -0.00459764 0 0
7.965 0 0 0 0 0 0 0 0.0200449 0 -0.00493811 0 0
7.97 0 0 0 0 0 0 0 0.0212907 0 -0.005245 0 0
7.975 0 0 0 0 0 0 0 0.0223849 0 -0.00551457 0 0
7.98 0 0 0 0 0 0 0 0.0233137 0 -0.00574339 0 0
7.985 0 0 0 0 0 0 0 0.0240647 0 -0.0059284 0 0
7.99 0 0 0 0 0 0 0 0.0246271 0 -0.00606694 0 0
7.995 0 0 0 0 0 0 0 0.0249914 0 -0.00615669 0 0
8 0 0 0 0 0 0 0 0.0251489 0 -0.00619549 0 0
8.005 0 0 0 0 0 0 0 0.0250938 0 -0.00618191 0 0
8.01 0 0 0 0 0 0 0 0.0248251 0 -0.00611572 0 0
8.015 0 0 0 0 0 0 0 0.0243456 0 -0.00599759 0 0
8.02 0 0 0 0 0 0 0 0.0236601 0 -0.00582872 0 0
8.025 0 0 0 0 0 0 0 0.0227755 0 -0.00561079 0 0
8.03 0 0 0 0 0 0 0 0.0217001 0 -0.00534588 0 0
8.035 0 0 0 0 0 0 0 0.0204449 0 -0.00503666 0 0
8.04 0 0 0 0 0 0 0 0.0190236 0 -0.0046865 0 0
8.045 0 0 0 0 0 0 0 0.0174506 0 -0.004299 0 0
8.05 0 0 0 0 0 0 0 0.0157392 0 -0.0038774 0 0
8.055 0 0 0 0 0 0 0 0.0139023 0 -0.00342485 0 0
8.06 0 0 0 0 0 0 0 0.011953 0 -0.00294464 0 0
8.065 0 0 0 0 0 0 0 0.00990494 0 -0.0024401 0 0
8.07 0 0 0 0 0 0 0 0.00777225 0 -0.00191471 0 0
8.075 0 0 0 0 0 0 0 0.00556971 0 -0.00137211 0 0
8.08 0 0 0 0 0 0 0 0.00331346 0 -0.000816278 0 0
8.085 0 0 0 0 0 0 0 0.00101973 0 -0.000251214 0 0
8.09 0 0 0 0 0 0 0 -0.00129621 0 0.000319325 0 0
8.095 0 0 0 0 0 0 0 -0.00361955 0 0.000891684 0 0
8.1 0 0 0 0 0 0 0 -0.00593526 0 0.00146216 0 0
8.105 0 0 0 0 0 0 0 -0.00822814 0 0.00202702 0 0
8.11 0 0 0 0 0 0 0 -0.0104827 0 0.00258244 0 0
8.115 0 0 0 0 0 0 0 -0.012682 0 0.00312423 0 0
8.12 0 0 0 0 0 0 0 -0.0148058 0 0.00364745 0 0
8.125 0 0 0 0 0 0 0 -0.0168342 0 0.00414713 0 0
8.13 0 0 0 0 0 0 0 -0.0187494 0 0.00461897 0 0
8.135 0 0 0 0 0 0 0 -0.0205361 0 0.00505912 0 0
8.14 0 0 0 0 0 0 0 -0.0221799 0 0.00546407 0 0
8.145 0 0 0 0 0 0 0 -0.0236684 0 0.00583075 0 0
8.15 0 0 0 0 0 0 0 -0.0249912 0 0.00615663 0 0
8.155 0 0 0 0 0 0 0 -0.0261417 0 0.00644007 0 0
8.16 0 0 0 0 0 0 0 -0.0271186 0 0.00668072 0 0
8.165 0 0 0 0 0 0 0 -0.0279233 0 0.00687896 0 0
8.17 0 0 0 0 0 0 0 -0.0285585 0 0.00703546 0 0
8.175 0 0 0 0 0 0 0 -0.029028 0 0.00715112 0 0
8.18 0 0 0 0 0 0 0 -0.0293363 0 0.00722706 0 0
8.185 0 0 0 0 0 0 0 -0.0294882 0 0.00726447 0 0
8.19 0 0 0 0 0 0 0 -0.0294882 0 0.00726449 0 0
8.195 0 0 0 0 0 0 0 -0.0293402 0 0.00722802 0 0
8.2 0 0 0 0 0 0 0 -0.0290457 0 0.00715548 0 0
8.205 0 0 0 0 0 0 0 -0.0286053 0 0.00704698 0 0
8.21 0 0 0 0 0 0 0 -0.0280184 0 0.0069024 0 0
8.215 0 0 0 0 0 0 0 -0.0272843 0 0.00672155 0 0
8.22 0 0 0 0 0 0 0 -0.0264028 0 0.00650439 0 0
8.225 0 0 0 0 0 0 0 -0.0253744 0 0.00625105 0 0
8.23 0 0 0 0 0 0 0 -0.0242009 0 0.00596195 0 0
8.235 0 0 0 0 0 0 0 -0.0228847 0 0.00563769 0 0
8.24 0 0 0 0 0 0 0 -0.0214285 0 0.00527897 0 0
8.245 0 0 0 0 0 0 0 -0.0198368 0 0.00488684 0 0
8.25 0 0 0 0 0 0 0 -0.0181165 0 0.00446303 0 0
8.255 0 0 0 0 0 0 0 -0.0162763 0 0.00400971 0 0
8.26 0 0 0 0 0 0 0 -0.0143262 0 0.0035293 0 0
8.265 0 0 0 0 0 0 0 -0.012277 0 0.00302446 0 0
8.27 0 0 0 0 0 0 0 -0.0101404 0 0.00249811 0 0
8.275 0 0 0 0 0 0 0 -0.00793021 0 0.00195362 0 0
8.28 0 0 0 0 0 0 0 -0.00566261 0 0.001395 0 0
8.285 0 0 0 0 0 0 0 -0.00335498 0 0.000826507 0 0
8.29 0 0 0 0 0 0 0 -0.00102437 0 0.000252355 0 0
8.295 0 0 0 0 0 0 0 0.00131231 0 -0.000323291 0 0
8.3 0 0 0 0 0 0 0 0.00363805 0 -0.000896242 0 0
8.305 0 0 0 0 0 0 0 0.00593607 0 -0.00146236 0 0
8.31 0 0 0 0 0 0 0 0.00819015 0 -0.00201766 0 0
8.315 0 0 0 0 0 0 0 0.0103849 0 -0.00255834 0 0
8.32 0 0 0 0 0 0 0 0.0125058 0 -0.00308084 0 0
8.325 0 0 0 0 0 0 0 0.0145403 0 -0.00358205 0 0
8.33 0 0 0 0 0 0 0 0.0164781 0 -0.00405942 0 0
8.335 0 0 0 0 0 0 0 0.0183105 0 -0.00451084 0 0
8.34 0 0 0 0 0 0 0 0.0200302 0 -0.00493448 0 0
8.345 0 0 0 0 0 0 0 0.0216306 0 -0.00532874 0 0
8.35 0 0 0 0 0 0 0 0.0231062 0 -0.00569226 0 0
8.355 0 0 0 0 0 0 0 0.0244527 0 -0.00602397 0 0
8.36 0 0 0 0 0 0 0 0.0256676 0 -0.00632328 0 0
8.365 0 0 0 0 0 0 0 0.0267491 0 -0.00658971 0 0
8.37 0 0 0 0 0 0 0 0.0276946 0 -0.00682262 0 0
8.375 0 0 0 0 0 0 0 0.0285012 0 -0.00702134 0 0
8.38 0 0 0 0 0 0 0 0.0291669 0 -0.00718534 0 0
8.385 0 0 0 0 0 0 0 0.0296901 0 -0.00731421 0 0
8.39 0 0 0 0 0 0 0 0.0300695 0 -0.00740768 0 0
8.395 0 0 0 0 0 0 0 0.0303048 0 -0.00746565 0 0
8.4 0 0 0 0 0 0 0 0.0303965 0 -0.00748826 0 0
8.405 0 0 0 0 0 0 0 0.0303465 0 -0.00747592 0 0
8.41 0 0 0 0 0 0 0 0.0301573 0 -0.00742931 0 0
8.415 0 0 0 0 0 0 0 0.0298329 0 -0.0073494 0 0
8.42 0 0 0 0 0 0 0 0.0293786 0 -0.00723747 0 0
8.425 0 0 0 0 0 0 0 0.0288005 0 -0.00709506 0 0
8.43 0 0 0 0 0 0 0 0.0281055 0 -0.00692384 0 0
8.435 0 0 0 0 0 0 0 0.0273005 0 -0.00672554 0 0
8.44 0 0 0 0 0 0 0 0.0263922 0 -0.00650178 0 0
8.445 0 0 0 0 0 0 0 0.0253864 0 -0.00625401 0 0
8.45 0 0 0 0 0 0 0 0.0242876 0 -0.00598331 0 0
8.455 0 0 0 0 0 0 0 0.0230998 0 -0.00569069 0 0
8.46 0 0 0 0 0 0 0 0.0218271 0 -0.00537716 0 0
8.465 0 0 0 0 0 0 0 0.0204745 0 -0.00504394 0 0
8.47 0 0 0 0 0 0 0 0.0190478 0 -0.00469246 0 0
8.475 0 0 0 0 0 0 0 0.0175546 0 -0.00432461 0 0
8.48 0 0 0 0 0 0 0 0.0160053 0 -0.00394293 0 0
8.485 0 0 0 0 0 0 0 0.0144112 0 -0.00355023 0 0
8.49 0 0 0 0 0 0 0 0.0127838 0 -0.00314931 0 0
8.495 0 0 0 0 0 0 0 0.0111336 0 -0.00274279 0 0
8.5 0 0 0 0 0 0 0 0.00947062 0 -0.00233311 0 0
8.505 0 0 0 0 0 0 0 0.00780323 0 -0.00192234 0 0
8.51 0 0 0 0 0 0 0 0.00613838 0 -0.0015122 0 0
8.515 0 0 0 0 0 0 0 0.00447912 0 -0.00110344 0 0
8.52 0 0 0 0 0 0 0 0.00282252 0 -0.000695334 0 0
8.525 0 0 0 0 0 0 0 0.00116394 0 -0.000286739 0 0
8.53 0 0 0 0 0 0 0 -0.00049854 0 0.000122816 0 0
8.535 0 0 0 0 0 0 0 -0.00216534 0 0.000533436 0 0
8.54 0 0 0 0 0 0 0 -0.00383655 0 0.000945142 0 0
8.545 0 0 0 0 0 0 0 -0.00551152 0 0.00135777 0 0
8.55 0 0 0 0 0 0 0 -0.00718849 0 0.0017709 0 0
8.555 0 0 0 0 0 0 0 -0.00886405 0 0.00218368 0 0
8.56 0 0 0 0 0 0 0 -0.0105326 0 0.00259474 0 0
8.565 0 0 0 0 0 0 0 -0.012186 0 0.00300204 0 0
8.57 0 0 0 0 0 0 0 -0.0138125 0 0.00340274 0 0
8.575 0 0 0 0 0 0 0 -0.0153988 0 0.00379352 0 0
8.58 0 0 0 0 0 0 0 -0.0169305 0 0.00417087 0 0
8.585 0 0 0 0 0 0 0 -0.0183931 0 0.00453118 0 0
8.59 0 0 0 0 0 0 0 -0.0197721 0 0.0048709 0 0
8.595 0 0 0 0 0 0 0 -0.0210523 0 0.00518628 0 0
8.6 0 0 0 0 0 0 0 -0.0222169 0 0.00547319 0 0
8.605 0 0 0 0 0 0 0 -0.023251 0 0.00572795 0 0
8.61 0 0 0 0 0 0 0 -0.0241449 0 0.00594814 0 0
8.615 0 0 0 0 0 0 0 -0.0248922 0 0.00613225 0 0
8.62 0 0 0 0 0 0 0 -0.0254893 0 0.00627933 0 0
8.625 0 0 0 0 0 0 0 -0.0259343 0 0.00638897 0 0
8.63 0 0 0 0 0 0 0 -0.0262278 0 0.00646127 0 0
8.635 0 0 0 0 0 0 0 -0.0263732 0 0.0064971 0 0
8.64 0 0 0 0 0 0 0 -0.0263778 0 0.00649823 0 0
8.645 0 0 0 0 0 0 0 -0.0262495 0 0.00646662 0 0
8.65 0 0 0 0 0 0 0 -0.0259935 0 0.00640356 0 0
8.655 0 0 0 0 0 0 0 -0.0256136 0 0.00630996 0 0
8.66 0 0 0 0 0 0 0 -0.0251125 0 0.00618652 0 0
8.665 0 0 0 0 0 0 0 -0.0244923 0 0.00603374 0 0
8.67 0 0 0 0 0 0 0 -0.0237544 0 0.00585194 0 0
8.675 0 0 0 0 0 0 0 -0.0228978 0 0.00564094 0 0
8.68 0 0 0 0 0 0 0 -0.0219189 0 0.00539977 0 0
8.685 0 0 0 0 0 0 0 -0.0208137 0 0.00512749 0 0
8.69 0 0 0 0 0 0 0 -0.0195816 0 0.00482398 0 0
8.695 0 0 0 0 0 0 0 -0.0182245 0 0.00448965 0 0
8.7 0 0 0 0 0 0 0 -0.0167451 0 0.00412519 0 0
8.705 0 0 0 0 0 0 0 -0.0151473 0 0.00373157 0 0
8.71 0 0 0 0 0 0 0 -0.0134364 0 0.00331008 0 0
8.715 0 0 0 0 0 0 0 -0.0116191 0 0.00286239 0 0
8.72 0 0 0 0 0 0 0 -0.00970411 0 0.00239063 0 0
8.725 0 0 0 0 0 0 0 -0.0077024 0 0.0018975 0 0
8.73 0 0 0 0 0 0 0 -0.00562744 0 0.00138633 0 0
8.735 0 0 0 0 0 0 0 -0.00349467 0 0.00086092 0 0
8.74 0 0 0 0 0 0 0 -0.00132091 0 0.000325409 0 0
8.745 0 0 0 0 0 0 0 0.000876035 0 -0.000215813 0 0
8.75 0 0 0 0 0 0 0 0.00307768 0 -0.000758193 0 0
8.755 0 0 0 0 0 0 0 0.00526386 0 -0.00129676 0 0
8.76 0 0 0 0 0 0 0 0.00741172 0 -0.00182589 0 0
8.765 0 0 0 0 0 0 0 0.00949965 0 -0.00234026 0 0
8.77 0 0 0 0 0 0 0 0.0115111 0 -0.00283579 0 0
8.775 0 0 0 0 0 0 0 0.0134332 0 -0.00330931 0 0
8.78 0 0 0 0 0 0 0 0.0152555 0 -0.00375822 0 0
8.785 0 0 0 0 0 0 0 0.0169695 0 -0.00418046 0 0
8.79 0 0 0 0 0 0 0 0.0185691 0 -0.00457455 0 0
8.795 0 0 0 0 0 0 0 0.0200523 0 -0.00493992 0 0
8.8 0 0 0 0 0 0 0 0.0214221 0 -0.00527738 0 0
8.805 0 0 0 0 0 0 0 0.0226832 0 -0.00558805 0 0
8.81 0 0 0 0 0 0 0 0.0238375 0 -0.00587242 0 0
8.815 0 0 0 0 0 0 0 0.0248857 0 -0.00613064 0 0
8.82 0 0 0 0 0 0 0 0.0258282 0 -0.00636282 0 0
8.825 0 0 0 0 0 0 0 0.0266648 0 -0.00656893 0 0
8.83 0 0 0 0 0 0 0 0.0273946 0 -0.00674872 0 0
8.835 0 0 0 0 0 0 0 0.0280144 0 -0.0069014 0 0
8.84 0 0 0 0 0 0 0 0.0285173 0 -0.00702529 0 0
8.845 0 0 0 0 0 0 0 0.0288947 0 -0.00711827 0 0
8.85 0 0 0 0 0 0 0 0.029138 0 -0.0071782 0 0
8.855 0 0 0 0 0 0 0 0.0292384 0 -0.00720294 0 0
8.86 0 0 0 0 0 0 0 0.0291874 0 -0.00719037 0 0
8.865 0 0 0 0 0 0 0 0.0289769 0 -0.00713851 0 0
8.87 0 0 0 0 0 0 0 0.0285997 0 -0.00704559 0 0
8.875 0 0 0 0 0 0 0 0.0280483 0 -0.00690976 0 0
8.88 0 0 0 0 0 0 0 0.027314 0 -0.00672886 0 0
8.885 0 0 0 0 0 0 0 0.0263906 0 -0.00650138 0 0
8.89 0 0 0 0 0 0 0 0.0252786 0 -0.00622745 0 0
8.895 0 0 0 0 0 0 0 0.0239834 0 -0.00590835 0 0
8.9 0 0 0 0 0 0 0 0.0225129 0 -0.0055461 0 0
8.905 0 0 0 0 0 0 0 0.0208782 0 -0.0051434 0 0
8.91 0 0 0 0 0 0 0 0.0190932 0 -0.00470365 0 0
8.915 0 0 0 0 0 0 0 0.0171765 0 -0.00423147 0 0
8.92 0 0 0 0 0 0 0 0.015154 0 -0.00373323 0 0
8.925 0 0 0 0 0 0 0 0.013053 0 -0.00321564 0 0
8.93 0 0 0 0 0 0 0 0.0108959 0 -0.00268424 0 0
8.935 0 0 0 0 0 0 0 0.00870225 0 -0.00214382 0 0
8.94 0 0 0 0 0 0 0 0.00648964 0 -0.00159874 0 0
8.945 0 0 0 0 0 0 0 0.00427374 0 -0.00105284 0 0
8.95 0 0 0 0 0 0 0 0.00206789 0 -0.000509429 0 0
8.955 0 0 0 0 0 0 0 -0.000118035 0 2.90781e-05 0 0
8.96 0 0 0 0 0 0 0 -0.00227874 0 0.000561374 0 0
8.965 0 0 0 0 0 0 0 -0.00441049 0 0.00108653 0 0
8.97 0 0 0 0 0 0 0 -0.00650799 0 0.00160326 0 0
8.975 0 0 0 0 0 0 0 -0.00856506 0 0.00211002 0 0
8.98 0 0 0 0 0 0 0 -0.0105752 0 0.00260523 0 0
8.985 0 0 0 0 0 0 0 -0.0125317 0 0.00308721 0 0
8.99 0 0 0 0 0 0 0 -0.0144274 0 0.00355421 0 0
8.995 0 0 0 0 0 0 0 -0.0162548 0 0.00400441 0 0
9 0 0 0 0 0 0 0 -0.0180068 0 0.004436 0 0
9.005 0 0 0 0 0 0 0 -0.0196754 0 0.00484707 0 0
9.01 0 0 0 0 0 0 0 -0.021252 0 0.00523547 0 0
9.015 0 0 0 0 0 0 0 -0.0227276 0 0.005599 0 0
9.02 0 0 0 0 0 0 0 -0.0240936 0 0.00593551 0 0
9.025 0 0 0 0 0 0 0 -0.0253414 0 0.00624292 0 0
9.03 0 0 0 0 0 0 0 -0.026463 0 0.00651923 0 0
9.035 0 0 0 0 0 0 0 -0.0274504 0 0.00676248 0 0
9.04 0 0 0 0 0 0 0 -0.0282952 0 0.00697059 0 0
9.045 0 0 0 0 0 0 0 -0.0289897 0 0.00714169 0 0
9.05 0 0 0 0 0 0 0 -0.0295284 0 0.00727438 0 0
9.055 0 0 0 0 0 0 0 -0.0299069 0 0.00736764 0 0
9.06 0 0 0 0 0 0 0 -0.0301223 0 0.00742071 0 0
9.065 0 0 0 0 0 0 0 -0.0301724 0 0.00743305 0 0
9.07 0 0 0 0 0 0 0 -0.0300561 0 0.00740439 0 0
9.075 0 0 0 0 0 0 0 -0.0297731 0 0.00733467 0 0
9.08 0 0 0 0 0 0 0 -0.0293235 0 0.00722391 0 0
9.085 0 0 0 0 0 0 0 -0.0287085 0 0.00707241 0 0
9.09 0 0 0 0 0 0 0 -0.0279307 0 0.00688078 0 0
9.095 0 0 0 0 0 0 0 -0.0269936 0 0.00664994 0 0
9.1 0 0 0 0 0 0 0 -0.0259019 0 0.00638099 0 0
9.105 0 0 0 0 0 0 0 -0.0246609 0 0.00607526 0 0
9.11 0 0 0 0 0 0 0 -0.0232768 0 0.00573428 0 0
9.115 0 0 0 0 0 0 0 -0.0217565 0 0.00535977 0 0
9.12 0 0 0 0 0 0 0 -0.0201077 0 0.00495358 0 0
9.125 0 0 0 0 0 0 0 -0.0183387 0 0.00451777 0 0
9.13 0 0 0 0 0 0 0 -0.0164589 0 0.00405467 0 0
9.135 0 0 0 0 0 0 0 -0.0144786 0 0.00356685 0 0
9.14 0 0 0 0 0 0 0 -0.012409 0 0.00305699 0 0
9.145 0 0 0 0 0 0 0 -0.0102614 0 0.00252791 0 0
9.15 0 0 0 0 0 0 0 -0.00804767 0 0.00198256 0 0
9.155 0 0 0 0 0 0 0 -0.00578004 0 0.00142393 0 0
9.16 0 0 0 0 0 0 0 -0.00347085 0 0.000855052 0 0
9.165 0 0 0 0 0 0 0 -0.00113263 0 0.000279026 0 0
9.17 0 0 0 0 0 0 0 0.00122196 0 -0.000301032 0 0
9.175 0 0 0 0 0 0 0 0.0035802 0 -0.000881989 0 0
9.18 0 0 0 0 0 0 0 0.00592942 0 -0.00146073 0 0
9.185 0 0 0 0 0 0 0 0.00825705 0 -0.00203414 0 0
9.19 0 0 0 0 0 0 0 0.0105506 0 -0.00259917 0 0
9.195 0 0 0 0 0 0 0 0.0127979 0 -0.00315279 0 0
9.2 0 0 0 0 0 0 0 0.014987 0 -0.00369208 0 0
9.205 0 0 0 0 0 0 0 0.0171064 0 -0.00421419 0 0
9.21 0 0 0 0 0 0 0 0.0191448 0 -0.00471637 0 0
9.215 0 0 0 0 0 0 0 0.0210917 0 -0.00519599 0 0
9.22 0 0 0 0 0 0 0 0.0229368 0 -0.00565054 0 0
9.225 0 0 0 0 0 0 0 0.0246707 0 -0.00607768 0 0
9.23 0 0 0 0 0 0 0 0.0262845 0 -0.00647524 0 0
9.235 0 0 0 0 0 0 0 0.0277704 0 -0.00684129 0 0
9.24 0 0 0 0 0 0 0 0.029122 0 -0.00717427 0 0
9.245 0 0 0 0 0 0 0 0.0303341 0 -0.00747287 0 0
9.25 0 0 0 0 0 0 0 0.0314022 0 -0.007736 0 0
9.255 0 0 0 0 0 0 0 0.0323229 0 -0.00796281 0 0
9.26 0 0 0 0 0 0 0 0.033094 0 -0.00815278 0 0
9.265 0 0 0 0 0 0 0 0.0337146 0 -0.00830567 0 0
9.27 0 0 0 0 0 0 0 0.0341849 0 -0.00842152 0 0
9.275 0 0 0 0 0 0 0 0.0345066 0 -0.00850078 0 0
9.28 0 0 0 0 0 0 0 0.0346842 0 -0.00854453 0 0
9.285 0 0 0 0 0 0 0 0.0347221 0 -0.00855387 0 0
9.29 0 0 0 0 0 0 0 0.0346232 0 -0.0085295 0 0
9.295 0 0 0 0 0 0 0 0.0343891 0 -0.00847184 0 0
9.3 0 0 0 0 0 0 0 0.0340214 0 -0.00838126 0 0
9.305 0 0 0 0 0 0 0 0.0335212 0 -0.00825802 0 0
9.31 0 0 0 0 0 0 0 0.0328892 0 -0.00810232 0 0
9.315 0 0 0 0 0 0 0 0.0321244 0 -0.00791392 0 0
9.32 0 0 0 0 0 0 0 0.031223 0 -0.00769185 0 0
9.325 0 0 0 0 0 0 0 0.0301807 0 -0.00743507 0 0
9.33 0 0 0 0 0 0 0 0.0289958 0 -0.00714317 0 0
9.335 0 0 0 0 0 0 0 0.027668 0 -0.00681608 0 0
9.34 0 0 0 0 0 0 0 0.0261977 0 -0.00645387 0 0
9.345 0 0 0 0 0 0 0 0.0245857 0 -0.00605675 0 0
9.35 0 0 0 0 0 0 0 0.0228341 0 -0.00562524 0 0
9.355 0 0 0 0 0 0 0 0.0209462 0 -0.00516014 0 0
9.36 0 0 0 0 0 0 0 0.0189265 0 -0.00466259 0 0
9.365 0 0 0 0 0 0 0 0.0167828 0 -0.00413448 0 0
9.37 0 0 0 0 0 0 0 0.0145274 0 -0.00357887 0 0
9.375 0 0 0 0 0 0 0 0.0121762 0 -0.00299963 0 0
9.38 0 0 0 0 0 0 0 0.00974649 0 -0.00240107 0 0
9.385 0 0 0 0 0 0 0 0.00725714 0 -0.00178781 0 0
9.39 0 0 0 0 0 0 0 0.00472779 0 -0.0011647 0 0
9.395 0 0 0 0 0 0 0 0.00218004 0 -0.000537057 0 0
9.4 0 0 0 0 0 0 0 -0.000361504 0 8.90573e-05 0 0
9.405 0 0 0 0 0 0 0 -0.00287252 0 0.000707652 0 0
9.41 0 0 0 0 0 0 0 -0.00533235 0 0.00131363 0 0
9.415 0 0 0 0 0 0 0 -0.00772253 0 0.00190246 0 0
9.42 0 0 0 0 0 0 0 -0.0100254 0 0.00246978 0 0
9.425 0 0 0 0 0 0 0 -0.0122243 0 0.00301149 0 0
9.43 0 0 0 0 0 0 0 -0.014304 0 0.00352383 0 0
9.435 0 0 0 0 0 0 0 -0.0162512 0 0.00400351 0 0
9.44 0 0 0 0 0 0 0 -0.0180555 0 0.004448 0 0
9.445 0 0 0 0 0 0 0 -0.0197094 0 0.00485544 0 0
9.45 0 0 0 0 0 0 0 -0.0212083 0 0.00522471 0 0
9.455 0 0 0 0 0 0 0 -0.0225501 0 0.00555527 0 0
9.46 0 0 0 0 0 0 0 -0.0237347 0 0.0058471 0 0
9.465 0 0 0 0 0 0 0 -0.0247639 0 0.00610064 0 0
9.47 0 0 0 0 0 0 0 -0.0256409 0 0.00631668 0 0
9.475 0 0 0 0 0 0 0 -0.0263719 0 0.00649678 0 0
9.48 0 0 0 0 0 0 0 -0.0269679 0 0.00664359 0 0
9.485 0 0 0 0 0 0 0 -0.0274392 0 0.00675972 0 0
9.49 0 0 0 0 0 0 0 -0.0277913 0 0.00684646 0 0
9.495 0 0 0 0 0 0 0 -0.0280264 0 0.00690437 0 0
9.5 0 0 0 0 0 0 0 -0.0281457 0 0.00693376 0 0
9.505 0 0 0 0 0 0 0 -0.0281498 0 0.00693475 0 0
9.51 0 0 0 0 0 0 0 -0.0280384 0 0.00690732 0 0
9.515 0 0 0 0 0 0 0 -0.0278104 0 0.00685116 0 0
9.52 0 0 0 0 0 0 0 -0.0274633 0 0.00676564 0 0
9.525 0 0 0 0 0 0 0 -0.0269945 0 0.00665014 0 0
9.53 0 0 0 0 0 0 0 -0.0264033 0 0.0065045 0 0
9.535 0 0 0 0 0 0 0 -0.0256899 0 0.00632876 0 0
9.54 0 0 0 0 0 0 0 -0.0248547 0 0.00612301 0 0
9.545 0 0 0 0 0 0 0 -0.0238979 0 0.0058873 0 0
9.55 0 0 0 0 0 0 0 -0.0228194 0 0.00562161 0 0
9.555 0 0 0 0 0 0 0 -0.0216163 0 0.00532522 0 0
9.56 0 0 0 0 0 0 0 -0.02028 0 0.00499602 0 0
9.565 0 0 0 0 0 0 0 -0.0188016 0 0.00463181 0 0
9.57 0 0 0 0 0 0 0 -0.0171767 0 0.00423151 0 0
9.575 0 0 0 0 0 0 0 -0.0154038 0 0.00379477 0 0
9.58 0 0 0 0 0 0 0 -0.013483 0 0.00332157 0 0
9.585 0 0 0 0 0 0 0 -0.0114159 0 0.00281234 0 0
9.59 0 0 0 0 0 0 0 -0.00920655 0 0.00226805 0 0
9.595 0 0 0 0 0 0 0 -0.0068621 0 0.00169049 0 0
9.6 0 0 0 0 0 0 0 -0.00439382 0 0.00108243 0 0
9.605 0 0 0 0 0 0 0 -0.0018168 0 0.000447571 0 0
9.61 0 0 0 0 0 0 0 0.000850285 0 -0.00020947 0 0
9.615 0 0 0 0 0 0 0 0.00358632 0 -0.000883497 0 0
9.62 0 0 0 0 0 0 0 0.00636893 0 -0.001569 0 0
9.625 0 0 0 0 0 0 0 0.00917497 0 -0.00226027 0 0
9.63 0 0 0 0 0 0 0 0.011981 0 -0.00295154 0 0
9.635 0 0 0 0 0 0 0 0.0147616 0 -0.00363656 0 0
9.64 0 0 0 0 0 0 0 0.0174879 0 -0.00430819 0 0
9.645 0 0 0 0 0 0 0 0.0201313 0 -0.00495939 0 0
9.65 0 0 0 0 0 0 0 0.0226675 0 -0.00558418 0 0
9.655 0 0 0 0 0 0 0 0.0250744 0 -0.00617713 0 0
9.66 0 0 0 0 0 0 0 0.0273305 0 -0.00673292 0 0
9.665 0 0 0 0 0 0 0 0.0294144 0 -0.00724631 0 0
9.67 0 0 0 0 0 0 0 0.0313057 0 -0.00771223 0 0
9.675 0 0 0 0 0 0 0 0.0329827 0 -0.00812537 0 0
9.68 0 0 0 0 0 0 0 0.0344218 0 -0.00847989 0 0
9.685 0 0 0 0 0 0 0 0.0356024 0 -0.00877072 0 0
9.69 0 0 0 0 0 0 0 0.0365128 0 -0.00899502 0 0
9.695 0 0 0 0 0 0 0 0.0371484 0 -0.0091516 0 0
9.7 0 0 0 0 0 0 0 0.0375092 0 -0.00924048 0 0
9.705 0 0 0 0 0 0 0 0.0375998 0 -0.0092628 0 0
9.71 0 0 0 0 0 0 0 0.037429 0 -0.00922071 0 0
9.715 0 0 0 0 0 0 0 0.0370121 0 -0.00911801 0 0
9.72 0 0 0 0 0 0 0 0.0363734 0 -0.00896066 0 0
9.725 0 0 0 0 0 0 0 0.0355381 0 -0.00875488 0 0
9.73 0 0 0 0 0 0 0 0.0345251 0 -0.00850532 0 0
9.735 0 0 0 0 0 0 0 0.0333497 0 -0.00821578 0 0
9.74 0 0 0 0 0 0 0 0.0320268 0 -0.00788987 0 0
9.745 0 0 0 0 0 0 0 0.0305703 0 -0.00753107 0 0
9.75 0 0 0 0 0 0 0 0.0289936 0 -0.00714263 0 0
9.755 0 0 0 0 0 0 0 0.0273081 0 -0.0067274 0 0
9.76 0 0 0 0 0 0 0 0.0255227 0 -0.00628757 0 0
9.765 0 0 0 0 0 0 0 0.0236443 0 -0.00582482 0 0
9.77 0 0 0 0 0 0 0 0.0216783 0 -0.00534049 0 0
9.775 0 0 0 0 0 0 0 0.0196292 0 -0.00483571 0 0
9.78 0 0 0 0 0 0 0 0.0175017 0 -0.00431159 0 0
9.785 0 0 0 0 0 0 0 0.0153009 0 -0.00376941 0 0
9.79 0 0 0 0 0 0 0 0.0130332 0 -0.00321076 0 0
9.795 0 0 0 0 0 0 0 0.010707 0 -0.0026377 0 0
9.8 0 0 0 0 0 0 0 0.00833356 0 -0.00205299 0 0
9.805 0 0 0 0 0 0 0 0.00592633 0 -0.00145997 0 0
9.81 0 0 0 0 0 0 0 0.00350087 0 -0.000862448 0 0
9.815 0 0 0 0 0 0 0 0.0010736 0 -0.000264483 0 0
9.82 0 0 0 0 0 0 0 -0.00133929 0 0.000329937 0 0
9.825 0 0 0 0 0 0 0 -0.00372228 0 0.000916991 0 0
9.83 0 0 0 0 0 0 0 -0.00606103 0 0.00149315 0 0
9.835 0 0 0 0 0 0 0 -0.00834314 0 0.00205535 0 0
9.84 0 0 0 0 0 0 0 -0.0105588 0 0.00260119 0 0
9.845 0 0 0 0 0 0 0 -0.0126993 0 0.00312851 0 0
9.85 0 0 0 0 0 0 0 -0.0147555 0 0.00363504 0 0
9.855 0 0 0 0 0 0 0 -0.0167175 0 0.00411839 0 0
9.86 0 0 0 0 0 0 0 -0.0185751 0 0.00457603 0 0
9.865 0 0 0 0 0 0 0 -0.0203178 0 0.00500533 0 0
9.87 0 0 0 0 0 0 0 -0.0219342 0 0.00540353 0 0
9.875 0 0 0 0 0 0 0 -0.0234115 0 0.00576747 0 0
9.88 0 0 0 0 0 0 0 -0.0247342 0 0.00609333 0 0
9.885 0 0 0 0 0 0 0 -0.0258873 0 0.0063774 0 0
9.89 0 0 0 0 0 0 0 -0.0268594 0 0.00661687 0 0
9.895 0 0 0 0 0 0 0 -0.0276418 0 0.00680961 0 0
9.9 0 0 0 0 0 0 0 -0.028228 0 0.00695404 0 0
9.905 0 0 0 0 0 0 0 -0.0286141 0 0.00704915 0 0
9.91 0 0 0 0 0 0 0 -0.0287988 0 0.00709465 0 0
9.915 0 0 0 0 0 0 0 -0.0287859 0 0.00709146 0 0
9.92 0 0 0 0 0 0 0 -0.0285859 0 0.00704219 0 0
9.925 0 0 0 0 0 0 0 -0.0282126 0 0.00695024 0 0
9.93 0 0 0 0 0 0 0 -0.0276792 0 0.00681883 0 0
9.935 0 0 0 0 0 0 0 -0.0269987 0 0.00665119 0 0
9.94 0 0 0 0 0 0 0 -0.0261849 0 0.00645072 0 0
9.945 0 0 0 0 0 0 0 -0.0252517 0 0.00622081 0 0
9.95 0 0 0 0 0 0 0 -0.0242121 0 0.00596471 0 0
9.955 0 0 0 0 0 0 0 -0.023078 0 0.00568531 0 0
9.96 0 0 0 0 0 0 0 -0.0218585 0 0.00538489 0 0
9.965 0 0 0 0 0 0 0 -0.0205603 0 0.00506506 0 0
9.97 0 0 0 0 0 0 0 -0.0191868 0 0.00472672 0 0
9.975 0 0 0 0 0 0 0 -0.0177399 0 0.00437026 0 0
9.98 0 0 0 0 0 0 0 -0.0162205 0 0.00399596 0 0
9.985 0 0 0 0 0 0 0 -0.0146294 0 0.00360398 0 0
9.99 0 0 0 0 0 0 0 -0.0129674 0 0.00319454 0 0
9.995 0 0 0 0 0 0 0 -0.0112341 0 0.00276755 0 0
10 0 0 0 0 0 0 0 -0.00942675 0 0.0023223 0 0
